<?xml version="1.0" encoding="UTF-8"?>
<testsuite name="pascal.taie.analysis.pta.CSPTATest" tests="13" skipped="0" failures="6" errors="0" timestamp="2021-11-26T05:29:34" hostname="DESKTOP-I64H15I" time="22.812">
  <properties/>
  <testcase name="testStoreLoad" classname="pascal.taie.analysis.pta.CSPTATest" time="4.013"/>
  <testcase name="testOneCall" classname="pascal.taie.analysis.pta.CSPTATest" time="1.905">
    <failure message="java.lang.NullPointerException: HybridArrayHashMap does not permit null keys" type="java.lang.NullPointerException">java.lang.NullPointerException: HybridArrayHashMap does not permit null keys
	at java.base/java.util.Objects.requireNonNull(Objects.java:246)
	at pascal.taie.util.collection.HybridArrayHashMap.put(HybridArrayHashMap.java:139)
	at java.base/java.util.Map.computeIfAbsent(Map.java:1004)
	at pascal.taie.analysis.pta.core.cs.element.MapBasedCSManager.getOrCreateCSElement(MapBasedCSManager.java:49)
	at pascal.taie.analysis.pta.core.cs.element.MapBasedCSManager.getCSVar(MapBasedCSManager.java:54)
	at pascal.taie.analysis.pta.cs.Solver$StmtProcessor.visit(Solver.java:108)
	at pascal.taie.analysis.pta.cs.Solver$StmtProcessor.visit(Solver.java:96)
	at pascal.taie.ir.stmt.New.accept(New.java:43)
	at pascal.taie.analysis.pta.cs.Solver.addReachable(Solver.java:88)
	at pascal.taie.analysis.pta.cs.Solver.initialize(Solver.java:77)
	at pascal.taie.analysis.pta.cs.Solver.solve(Solver.java:63)
	at pascal.taie.analysis.pta.cs.CSPTA.analyze(CSPTA.java:46)
	at pascal.taie.analysis.pta.cs.CSPTA.analyze(CSPTA.java:32)
	at pascal.taie.analysis.AnalysisManager.runInterproceduralAnalysis(AnalysisManager.java:124)
	at pascal.taie.analysis.AnalysisManager.runAnalysis(AnalysisManager.java:62)
	at pascal.taie.analysis.AnalysisManager.lambda$execute$0(AnalysisManager.java:49)
	at pascal.taie.util.Timer.lambda$runAndCount$0(Timer.java:102)
	at pascal.taie.util.Timer.runAndCount(Timer.java:83)
	at pascal.taie.util.Timer.runAndCount(Timer.java:101)
	at pascal.taie.util.Timer.runAndCount(Timer.java:97)
	at pascal.taie.analysis.AnalysisManager.lambda$execute$1(AnalysisManager.java:48)
	at java.base/java.util.ArrayList.forEach(ArrayList.java:1541)
	at pascal.taie.analysis.AnalysisManager.execute(AnalysisManager.java:48)
	at pascal.taie.Main.executePlan(Main.java:128)
	at pascal.taie.Main.lambda$main$0(Main.java:46)
	at pascal.taie.util.Timer.lambda$runAndCount$0(Timer.java:102)
	at pascal.taie.util.Timer.runAndCount(Timer.java:83)
	at pascal.taie.util.Timer.runAndCount(Timer.java:101)
	at pascal.taie.util.Timer.runAndCount(Timer.java:97)
	at pascal.taie.Main.main(Main.java:38)
	at pascal.taie.analysis.Tests.testPTA(Tests.java:59)
	at pascal.taie.analysis.pta.CSPTATest.testOneCall(CSPTATest.java:49)
	at java.base/jdk.internal.reflect.NativeMethodAccessorImpl.invoke0(Native Method)
	at java.base/jdk.internal.reflect.NativeMethodAccessorImpl.invoke(NativeMethodAccessorImpl.java:62)
	at java.base/jdk.internal.reflect.DelegatingMethodAccessorImpl.invoke(DelegatingMethodAccessorImpl.java:43)
	at java.base/java.lang.reflect.Method.invoke(Method.java:566)
	at org.junit.runners.model.FrameworkMethod$1.runReflectiveCall(FrameworkMethod.java:59)
	at org.junit.internal.runners.model.ReflectiveCallable.run(ReflectiveCallable.java:12)
	at org.junit.runners.model.FrameworkMethod.invokeExplosively(FrameworkMethod.java:56)
	at org.junit.internal.runners.statements.InvokeMethod.evaluate(InvokeMethod.java:17)
	at org.junit.runners.ParentRunner$3.evaluate(ParentRunner.java:306)
	at org.junit.runners.BlockJUnit4ClassRunner$1.evaluate(BlockJUnit4ClassRunner.java:100)
	at org.junit.runners.ParentRunner.runLeaf(ParentRunner.java:366)
	at org.junit.runners.BlockJUnit4ClassRunner.runChild(BlockJUnit4ClassRunner.java:103)
	at org.junit.runners.BlockJUnit4ClassRunner.runChild(BlockJUnit4ClassRunner.java:63)
	at org.junit.runners.ParentRunner$4.run(ParentRunner.java:331)
	at org.junit.runners.ParentRunner$1.schedule(ParentRunner.java:79)
	at org.junit.runners.ParentRunner.runChildren(ParentRunner.java:329)
	at org.junit.runners.ParentRunner.access$100(ParentRunner.java:66)
	at org.junit.runners.ParentRunner$2.evaluate(ParentRunner.java:293)
	at org.junit.runners.ParentRunner$3.evaluate(ParentRunner.java:306)
	at org.junit.runners.ParentRunner.run(ParentRunner.java:413)
	at org.gradle.api.internal.tasks.testing.junit.JUnitTestClassExecutor.runTestClass(JUnitTestClassExecutor.java:110)
	at org.gradle.api.internal.tasks.testing.junit.JUnitTestClassExecutor.execute(JUnitTestClassExecutor.java:58)
	at org.gradle.api.internal.tasks.testing.junit.JUnitTestClassExecutor.execute(JUnitTestClassExecutor.java:38)
	at org.gradle.api.internal.tasks.testing.junit.AbstractJUnitTestClassProcessor.processTestClass(AbstractJUnitTestClassProcessor.java:62)
	at org.gradle.api.internal.tasks.testing.SuiteTestClassProcessor.processTestClass(SuiteTestClassProcessor.java:51)
	at java.base/jdk.internal.reflect.NativeMethodAccessorImpl.invoke0(Native Method)
	at java.base/jdk.internal.reflect.NativeMethodAccessorImpl.invoke(NativeMethodAccessorImpl.java:62)
	at java.base/jdk.internal.reflect.DelegatingMethodAccessorImpl.invoke(DelegatingMethodAccessorImpl.java:43)
	at java.base/java.lang.reflect.Method.invoke(Method.java:566)
	at org.gradle.internal.dispatch.ReflectionDispatch.dispatch(ReflectionDispatch.java:36)
	at org.gradle.internal.dispatch.ReflectionDispatch.dispatch(ReflectionDispatch.java:24)
	at org.gradle.internal.dispatch.ContextClassLoaderDispatch.dispatch(ContextClassLoaderDispatch.java:33)
	at org.gradle.internal.dispatch.ProxyDispatchAdapter$DispatchingInvocationHandler.invoke(ProxyDispatchAdapter.java:94)
	at com.sun.proxy.$Proxy2.processTestClass(Unknown Source)
	at org.gradle.api.internal.tasks.testing.worker.TestWorker.processTestClass(TestWorker.java:121)
	at java.base/jdk.internal.reflect.NativeMethodAccessorImpl.invoke0(Native Method)
	at java.base/jdk.internal.reflect.NativeMethodAccessorImpl.invoke(NativeMethodAccessorImpl.java:62)
	at java.base/jdk.internal.reflect.DelegatingMethodAccessorImpl.invoke(DelegatingMethodAccessorImpl.java:43)
	at java.base/java.lang.reflect.Method.invoke(Method.java:566)
	at org.gradle.internal.dispatch.ReflectionDispatch.dispatch(ReflectionDispatch.java:36)
	at org.gradle.internal.dispatch.ReflectionDispatch.dispatch(ReflectionDispatch.java:24)
	at org.gradle.internal.remote.internal.hub.MessageHubBackedObjectConnection$DispatchWrapper.dispatch(MessageHubBackedObjectConnection.java:182)
	at org.gradle.internal.remote.internal.hub.MessageHubBackedObjectConnection$DispatchWrapper.dispatch(MessageHubBackedObjectConnection.java:164)
	at org.gradle.internal.remote.internal.hub.MessageHub$Handler.run(MessageHub.java:414)
	at org.gradle.internal.concurrent.ExecutorPolicy$CatchAndRecordFailures.onExecute(ExecutorPolicy.java:64)
	at org.gradle.internal.concurrent.ManagedExecutorImpl$1.run(ManagedExecutorImpl.java:48)
	at java.base/java.util.concurrent.ThreadPoolExecutor.runWorker(ThreadPoolExecutor.java:1128)
	at java.base/java.util.concurrent.ThreadPoolExecutor$Worker.run(ThreadPoolExecutor.java:628)
	at org.gradle.internal.concurrent.ThreadFactoryImpl$ManagedThreadRunnable.run(ThreadFactoryImpl.java:56)
	at java.base/java.lang.Thread.run(Thread.java:829)
</failure>
  </testcase>
  <testcase name="testOneType" classname="pascal.taie.analysis.pta.CSPTATest" time="1.539">
    <failure message="java.lang.NullPointerException: HybridArrayHashMap does not permit null keys" type="java.lang.NullPointerException">java.lang.NullPointerException: HybridArrayHashMap does not permit null keys
	at java.base/java.util.Objects.requireNonNull(Objects.java:246)
	at pascal.taie.util.collection.HybridArrayHashMap.put(HybridArrayHashMap.java:139)
	at java.base/java.util.Map.computeIfAbsent(Map.java:1004)
	at pascal.taie.analysis.pta.core.cs.element.MapBasedCSManager.getOrCreateCSElement(MapBasedCSManager.java:49)
	at pascal.taie.analysis.pta.core.cs.element.MapBasedCSManager.getCSVar(MapBasedCSManager.java:54)
	at pascal.taie.analysis.pta.cs.Solver$StmtProcessor.visit(Solver.java:108)
	at pascal.taie.analysis.pta.cs.Solver$StmtProcessor.visit(Solver.java:96)
	at pascal.taie.ir.stmt.New.accept(New.java:43)
	at pascal.taie.analysis.pta.cs.Solver.addReachable(Solver.java:88)
	at pascal.taie.analysis.pta.cs.Solver.initialize(Solver.java:77)
	at pascal.taie.analysis.pta.cs.Solver.solve(Solver.java:63)
	at pascal.taie.analysis.pta.cs.CSPTA.analyze(CSPTA.java:46)
	at pascal.taie.analysis.pta.cs.CSPTA.analyze(CSPTA.java:32)
	at pascal.taie.analysis.AnalysisManager.runInterproceduralAnalysis(AnalysisManager.java:124)
	at pascal.taie.analysis.AnalysisManager.runAnalysis(AnalysisManager.java:62)
	at pascal.taie.analysis.AnalysisManager.lambda$execute$0(AnalysisManager.java:49)
	at pascal.taie.util.Timer.lambda$runAndCount$0(Timer.java:102)
	at pascal.taie.util.Timer.runAndCount(Timer.java:83)
	at pascal.taie.util.Timer.runAndCount(Timer.java:101)
	at pascal.taie.util.Timer.runAndCount(Timer.java:97)
	at pascal.taie.analysis.AnalysisManager.lambda$execute$1(AnalysisManager.java:48)
	at java.base/java.util.ArrayList.forEach(ArrayList.java:1541)
	at pascal.taie.analysis.AnalysisManager.execute(AnalysisManager.java:48)
	at pascal.taie.Main.executePlan(Main.java:128)
	at pascal.taie.Main.lambda$main$0(Main.java:46)
	at pascal.taie.util.Timer.lambda$runAndCount$0(Timer.java:102)
	at pascal.taie.util.Timer.runAndCount(Timer.java:83)
	at pascal.taie.util.Timer.runAndCount(Timer.java:101)
	at pascal.taie.util.Timer.runAndCount(Timer.java:97)
	at pascal.taie.Main.main(Main.java:38)
	at pascal.taie.analysis.Tests.testPTA(Tests.java:59)
	at pascal.taie.analysis.pta.CSPTATest.testOneType(CSPTATest.java:59)
	at java.base/jdk.internal.reflect.NativeMethodAccessorImpl.invoke0(Native Method)
	at java.base/jdk.internal.reflect.NativeMethodAccessorImpl.invoke(NativeMethodAccessorImpl.java:62)
	at java.base/jdk.internal.reflect.DelegatingMethodAccessorImpl.invoke(DelegatingMethodAccessorImpl.java:43)
	at java.base/java.lang.reflect.Method.invoke(Method.java:566)
	at org.junit.runners.model.FrameworkMethod$1.runReflectiveCall(FrameworkMethod.java:59)
	at org.junit.internal.runners.model.ReflectiveCallable.run(ReflectiveCallable.java:12)
	at org.junit.runners.model.FrameworkMethod.invokeExplosively(FrameworkMethod.java:56)
	at org.junit.internal.runners.statements.InvokeMethod.evaluate(InvokeMethod.java:17)
	at org.junit.runners.ParentRunner$3.evaluate(ParentRunner.java:306)
	at org.junit.runners.BlockJUnit4ClassRunner$1.evaluate(BlockJUnit4ClassRunner.java:100)
	at org.junit.runners.ParentRunner.runLeaf(ParentRunner.java:366)
	at org.junit.runners.BlockJUnit4ClassRunner.runChild(BlockJUnit4ClassRunner.java:103)
	at org.junit.runners.BlockJUnit4ClassRunner.runChild(BlockJUnit4ClassRunner.java:63)
	at org.junit.runners.ParentRunner$4.run(ParentRunner.java:331)
	at org.junit.runners.ParentRunner$1.schedule(ParentRunner.java:79)
	at org.junit.runners.ParentRunner.runChildren(ParentRunner.java:329)
	at org.junit.runners.ParentRunner.access$100(ParentRunner.java:66)
	at org.junit.runners.ParentRunner$2.evaluate(ParentRunner.java:293)
	at org.junit.runners.ParentRunner$3.evaluate(ParentRunner.java:306)
	at org.junit.runners.ParentRunner.run(ParentRunner.java:413)
	at org.gradle.api.internal.tasks.testing.junit.JUnitTestClassExecutor.runTestClass(JUnitTestClassExecutor.java:110)
	at org.gradle.api.internal.tasks.testing.junit.JUnitTestClassExecutor.execute(JUnitTestClassExecutor.java:58)
	at org.gradle.api.internal.tasks.testing.junit.JUnitTestClassExecutor.execute(JUnitTestClassExecutor.java:38)
	at org.gradle.api.internal.tasks.testing.junit.AbstractJUnitTestClassProcessor.processTestClass(AbstractJUnitTestClassProcessor.java:62)
	at org.gradle.api.internal.tasks.testing.SuiteTestClassProcessor.processTestClass(SuiteTestClassProcessor.java:51)
	at java.base/jdk.internal.reflect.NativeMethodAccessorImpl.invoke0(Native Method)
	at java.base/jdk.internal.reflect.NativeMethodAccessorImpl.invoke(NativeMethodAccessorImpl.java:62)
	at java.base/jdk.internal.reflect.DelegatingMethodAccessorImpl.invoke(DelegatingMethodAccessorImpl.java:43)
	at java.base/java.lang.reflect.Method.invoke(Method.java:566)
	at org.gradle.internal.dispatch.ReflectionDispatch.dispatch(ReflectionDispatch.java:36)
	at org.gradle.internal.dispatch.ReflectionDispatch.dispatch(ReflectionDispatch.java:24)
	at org.gradle.internal.dispatch.ContextClassLoaderDispatch.dispatch(ContextClassLoaderDispatch.java:33)
	at org.gradle.internal.dispatch.ProxyDispatchAdapter$DispatchingInvocationHandler.invoke(ProxyDispatchAdapter.java:94)
	at com.sun.proxy.$Proxy2.processTestClass(Unknown Source)
	at org.gradle.api.internal.tasks.testing.worker.TestWorker.processTestClass(TestWorker.java:121)
	at java.base/jdk.internal.reflect.NativeMethodAccessorImpl.invoke0(Native Method)
	at java.base/jdk.internal.reflect.NativeMethodAccessorImpl.invoke(NativeMethodAccessorImpl.java:62)
	at java.base/jdk.internal.reflect.DelegatingMethodAccessorImpl.invoke(DelegatingMethodAccessorImpl.java:43)
	at java.base/java.lang.reflect.Method.invoke(Method.java:566)
	at org.gradle.internal.dispatch.ReflectionDispatch.dispatch(ReflectionDispatch.java:36)
	at org.gradle.internal.dispatch.ReflectionDispatch.dispatch(ReflectionDispatch.java:24)
	at org.gradle.internal.remote.internal.hub.MessageHubBackedObjectConnection$DispatchWrapper.dispatch(MessageHubBackedObjectConnection.java:182)
	at org.gradle.internal.remote.internal.hub.MessageHubBackedObjectConnection$DispatchWrapper.dispatch(MessageHubBackedObjectConnection.java:164)
	at org.gradle.internal.remote.internal.hub.MessageHub$Handler.run(MessageHub.java:414)
	at org.gradle.internal.concurrent.ExecutorPolicy$CatchAndRecordFailures.onExecute(ExecutorPolicy.java:64)
	at org.gradle.internal.concurrent.ManagedExecutorImpl$1.run(ManagedExecutorImpl.java:48)
	at java.base/java.util.concurrent.ThreadPoolExecutor.runWorker(ThreadPoolExecutor.java:1128)
	at java.base/java.util.concurrent.ThreadPoolExecutor$Worker.run(ThreadPoolExecutor.java:628)
	at org.gradle.internal.concurrent.ThreadFactoryImpl$ManagedThreadRunnable.run(ThreadFactoryImpl.java:56)
	at java.base/java.lang.Thread.run(Thread.java:829)
</failure>
  </testcase>
  <testcase name="testNew" classname="pascal.taie.analysis.pta.CSPTATest" time="1.688"/>
  <testcase name="testTwoCall" classname="pascal.taie.analysis.pta.CSPTATest" time="1.673">
    <failure message="java.lang.NullPointerException: HybridArrayHashMap does not permit null keys" type="java.lang.NullPointerException">java.lang.NullPointerException: HybridArrayHashMap does not permit null keys
	at java.base/java.util.Objects.requireNonNull(Objects.java:246)
	at pascal.taie.util.collection.HybridArrayHashMap.put(HybridArrayHashMap.java:139)
	at java.base/java.util.Map.computeIfAbsent(Map.java:1004)
	at pascal.taie.analysis.pta.core.cs.element.MapBasedCSManager.getOrCreateCSElement(MapBasedCSManager.java:49)
	at pascal.taie.analysis.pta.core.cs.element.MapBasedCSManager.getCSMethod(MapBasedCSManager.java:70)
	at pascal.taie.analysis.pta.cs.Solver$StmtProcessor.visit(Solver.java:140)
	at pascal.taie.analysis.pta.cs.Solver$StmtProcessor.visit(Solver.java:96)
	at pascal.taie.ir.stmt.Invoke.accept(Invoke.java:138)
	at pascal.taie.analysis.pta.cs.Solver.addReachable(Solver.java:88)
	at pascal.taie.analysis.pta.cs.Solver.initialize(Solver.java:77)
	at pascal.taie.analysis.pta.cs.Solver.solve(Solver.java:63)
	at pascal.taie.analysis.pta.cs.CSPTA.analyze(CSPTA.java:46)
	at pascal.taie.analysis.pta.cs.CSPTA.analyze(CSPTA.java:32)
	at pascal.taie.analysis.AnalysisManager.runInterproceduralAnalysis(AnalysisManager.java:124)
	at pascal.taie.analysis.AnalysisManager.runAnalysis(AnalysisManager.java:62)
	at pascal.taie.analysis.AnalysisManager.lambda$execute$0(AnalysisManager.java:49)
	at pascal.taie.util.Timer.lambda$runAndCount$0(Timer.java:102)
	at pascal.taie.util.Timer.runAndCount(Timer.java:83)
	at pascal.taie.util.Timer.runAndCount(Timer.java:101)
	at pascal.taie.util.Timer.runAndCount(Timer.java:97)
	at pascal.taie.analysis.AnalysisManager.lambda$execute$1(AnalysisManager.java:48)
	at java.base/java.util.ArrayList.forEach(ArrayList.java:1541)
	at pascal.taie.analysis.AnalysisManager.execute(AnalysisManager.java:48)
	at pascal.taie.Main.executePlan(Main.java:128)
	at pascal.taie.Main.lambda$main$0(Main.java:46)
	at pascal.taie.util.Timer.lambda$runAndCount$0(Timer.java:102)
	at pascal.taie.util.Timer.runAndCount(Timer.java:83)
	at pascal.taie.util.Timer.runAndCount(Timer.java:101)
	at pascal.taie.util.Timer.runAndCount(Timer.java:97)
	at pascal.taie.Main.main(Main.java:38)
	at pascal.taie.analysis.Tests.testPTA(Tests.java:59)
	at pascal.taie.analysis.pta.CSPTATest.testTwoCall(CSPTATest.java:64)
	at java.base/jdk.internal.reflect.NativeMethodAccessorImpl.invoke0(Native Method)
	at java.base/jdk.internal.reflect.NativeMethodAccessorImpl.invoke(NativeMethodAccessorImpl.java:62)
	at java.base/jdk.internal.reflect.DelegatingMethodAccessorImpl.invoke(DelegatingMethodAccessorImpl.java:43)
	at java.base/java.lang.reflect.Method.invoke(Method.java:566)
	at org.junit.runners.model.FrameworkMethod$1.runReflectiveCall(FrameworkMethod.java:59)
	at org.junit.internal.runners.model.ReflectiveCallable.run(ReflectiveCallable.java:12)
	at org.junit.runners.model.FrameworkMethod.invokeExplosively(FrameworkMethod.java:56)
	at org.junit.internal.runners.statements.InvokeMethod.evaluate(InvokeMethod.java:17)
	at org.junit.runners.ParentRunner$3.evaluate(ParentRunner.java:306)
	at org.junit.runners.BlockJUnit4ClassRunner$1.evaluate(BlockJUnit4ClassRunner.java:100)
	at org.junit.runners.ParentRunner.runLeaf(ParentRunner.java:366)
	at org.junit.runners.BlockJUnit4ClassRunner.runChild(BlockJUnit4ClassRunner.java:103)
	at org.junit.runners.BlockJUnit4ClassRunner.runChild(BlockJUnit4ClassRunner.java:63)
	at org.junit.runners.ParentRunner$4.run(ParentRunner.java:331)
	at org.junit.runners.ParentRunner$1.schedule(ParentRunner.java:79)
	at org.junit.runners.ParentRunner.runChildren(ParentRunner.java:329)
	at org.junit.runners.ParentRunner.access$100(ParentRunner.java:66)
	at org.junit.runners.ParentRunner$2.evaluate(ParentRunner.java:293)
	at org.junit.runners.ParentRunner$3.evaluate(ParentRunner.java:306)
	at org.junit.runners.ParentRunner.run(ParentRunner.java:413)
	at org.gradle.api.internal.tasks.testing.junit.JUnitTestClassExecutor.runTestClass(JUnitTestClassExecutor.java:110)
	at org.gradle.api.internal.tasks.testing.junit.JUnitTestClassExecutor.execute(JUnitTestClassExecutor.java:58)
	at org.gradle.api.internal.tasks.testing.junit.JUnitTestClassExecutor.execute(JUnitTestClassExecutor.java:38)
	at org.gradle.api.internal.tasks.testing.junit.AbstractJUnitTestClassProcessor.processTestClass(AbstractJUnitTestClassProcessor.java:62)
	at org.gradle.api.internal.tasks.testing.SuiteTestClassProcessor.processTestClass(SuiteTestClassProcessor.java:51)
	at java.base/jdk.internal.reflect.NativeMethodAccessorImpl.invoke0(Native Method)
	at java.base/jdk.internal.reflect.NativeMethodAccessorImpl.invoke(NativeMethodAccessorImpl.java:62)
	at java.base/jdk.internal.reflect.DelegatingMethodAccessorImpl.invoke(DelegatingMethodAccessorImpl.java:43)
	at java.base/java.lang.reflect.Method.invoke(Method.java:566)
	at org.gradle.internal.dispatch.ReflectionDispatch.dispatch(ReflectionDispatch.java:36)
	at org.gradle.internal.dispatch.ReflectionDispatch.dispatch(ReflectionDispatch.java:24)
	at org.gradle.internal.dispatch.ContextClassLoaderDispatch.dispatch(ContextClassLoaderDispatch.java:33)
	at org.gradle.internal.dispatch.ProxyDispatchAdapter$DispatchingInvocationHandler.invoke(ProxyDispatchAdapter.java:94)
	at com.sun.proxy.$Proxy2.processTestClass(Unknown Source)
	at org.gradle.api.internal.tasks.testing.worker.TestWorker.processTestClass(TestWorker.java:121)
	at java.base/jdk.internal.reflect.NativeMethodAccessorImpl.invoke0(Native Method)
	at java.base/jdk.internal.reflect.NativeMethodAccessorImpl.invoke(NativeMethodAccessorImpl.java:62)
	at java.base/jdk.internal.reflect.DelegatingMethodAccessorImpl.invoke(DelegatingMethodAccessorImpl.java:43)
	at java.base/java.lang.reflect.Method.invoke(Method.java:566)
	at org.gradle.internal.dispatch.ReflectionDispatch.dispatch(ReflectionDispatch.java:36)
	at org.gradle.internal.dispatch.ReflectionDispatch.dispatch(ReflectionDispatch.java:24)
	at org.gradle.internal.remote.internal.hub.MessageHubBackedObjectConnection$DispatchWrapper.dispatch(MessageHubBackedObjectConnection.java:182)
	at org.gradle.internal.remote.internal.hub.MessageHubBackedObjectConnection$DispatchWrapper.dispatch(MessageHubBackedObjectConnection.java:164)
	at org.gradle.internal.remote.internal.hub.MessageHub$Handler.run(MessageHub.java:414)
	at org.gradle.internal.concurrent.ExecutorPolicy$CatchAndRecordFailures.onExecute(ExecutorPolicy.java:64)
	at org.gradle.internal.concurrent.ManagedExecutorImpl$1.run(ManagedExecutorImpl.java:48)
	at java.base/java.util.concurrent.ThreadPoolExecutor.runWorker(ThreadPoolExecutor.java:1128)
	at java.base/java.util.concurrent.ThreadPoolExecutor$Worker.run(ThreadPoolExecutor.java:628)
	at org.gradle.internal.concurrent.ThreadFactoryImpl$ManagedThreadRunnable.run(ThreadFactoryImpl.java:56)
	at java.base/java.lang.Thread.run(Thread.java:829)
</failure>
  </testcase>
  <testcase name="testTwoType" classname="pascal.taie.analysis.pta.CSPTATest" time="1.472">
    <failure message="java.lang.NullPointerException: HybridArrayHashMap does not permit null keys" type="java.lang.NullPointerException">java.lang.NullPointerException: HybridArrayHashMap does not permit null keys
	at java.base/java.util.Objects.requireNonNull(Objects.java:246)
	at pascal.taie.util.collection.HybridArrayHashMap.put(HybridArrayHashMap.java:139)
	at java.base/java.util.Map.computeIfAbsent(Map.java:1004)
	at pascal.taie.analysis.pta.core.cs.element.MapBasedCSManager.getOrCreateCSElement(MapBasedCSManager.java:49)
	at pascal.taie.analysis.pta.core.cs.element.MapBasedCSManager.getCSVar(MapBasedCSManager.java:54)
	at pascal.taie.analysis.pta.cs.Solver$StmtProcessor.visit(Solver.java:108)
	at pascal.taie.analysis.pta.cs.Solver$StmtProcessor.visit(Solver.java:96)
	at pascal.taie.ir.stmt.New.accept(New.java:43)
	at pascal.taie.analysis.pta.cs.Solver.addReachable(Solver.java:88)
	at pascal.taie.analysis.pta.cs.Solver.initialize(Solver.java:77)
	at pascal.taie.analysis.pta.cs.Solver.solve(Solver.java:63)
	at pascal.taie.analysis.pta.cs.CSPTA.analyze(CSPTA.java:46)
	at pascal.taie.analysis.pta.cs.CSPTA.analyze(CSPTA.java:32)
	at pascal.taie.analysis.AnalysisManager.runInterproceduralAnalysis(AnalysisManager.java:124)
	at pascal.taie.analysis.AnalysisManager.runAnalysis(AnalysisManager.java:62)
	at pascal.taie.analysis.AnalysisManager.lambda$execute$0(AnalysisManager.java:49)
	at pascal.taie.util.Timer.lambda$runAndCount$0(Timer.java:102)
	at pascal.taie.util.Timer.runAndCount(Timer.java:83)
	at pascal.taie.util.Timer.runAndCount(Timer.java:101)
	at pascal.taie.util.Timer.runAndCount(Timer.java:97)
	at pascal.taie.analysis.AnalysisManager.lambda$execute$1(AnalysisManager.java:48)
	at java.base/java.util.ArrayList.forEach(ArrayList.java:1541)
	at pascal.taie.analysis.AnalysisManager.execute(AnalysisManager.java:48)
	at pascal.taie.Main.executePlan(Main.java:128)
	at pascal.taie.Main.lambda$main$0(Main.java:46)
	at pascal.taie.util.Timer.lambda$runAndCount$0(Timer.java:102)
	at pascal.taie.util.Timer.runAndCount(Timer.java:83)
	at pascal.taie.util.Timer.runAndCount(Timer.java:101)
	at pascal.taie.util.Timer.runAndCount(Timer.java:97)
	at pascal.taie.Main.main(Main.java:38)
	at pascal.taie.analysis.Tests.testPTA(Tests.java:59)
	at pascal.taie.analysis.pta.CSPTATest.testTwoType(CSPTATest.java:74)
	at java.base/jdk.internal.reflect.NativeMethodAccessorImpl.invoke0(Native Method)
	at java.base/jdk.internal.reflect.NativeMethodAccessorImpl.invoke(NativeMethodAccessorImpl.java:62)
	at java.base/jdk.internal.reflect.DelegatingMethodAccessorImpl.invoke(DelegatingMethodAccessorImpl.java:43)
	at java.base/java.lang.reflect.Method.invoke(Method.java:566)
	at org.junit.runners.model.FrameworkMethod$1.runReflectiveCall(FrameworkMethod.java:59)
	at org.junit.internal.runners.model.ReflectiveCallable.run(ReflectiveCallable.java:12)
	at org.junit.runners.model.FrameworkMethod.invokeExplosively(FrameworkMethod.java:56)
	at org.junit.internal.runners.statements.InvokeMethod.evaluate(InvokeMethod.java:17)
	at org.junit.runners.ParentRunner$3.evaluate(ParentRunner.java:306)
	at org.junit.runners.BlockJUnit4ClassRunner$1.evaluate(BlockJUnit4ClassRunner.java:100)
	at org.junit.runners.ParentRunner.runLeaf(ParentRunner.java:366)
	at org.junit.runners.BlockJUnit4ClassRunner.runChild(BlockJUnit4ClassRunner.java:103)
	at org.junit.runners.BlockJUnit4ClassRunner.runChild(BlockJUnit4ClassRunner.java:63)
	at org.junit.runners.ParentRunner$4.run(ParentRunner.java:331)
	at org.junit.runners.ParentRunner$1.schedule(ParentRunner.java:79)
	at org.junit.runners.ParentRunner.runChildren(ParentRunner.java:329)
	at org.junit.runners.ParentRunner.access$100(ParentRunner.java:66)
	at org.junit.runners.ParentRunner$2.evaluate(ParentRunner.java:293)
	at org.junit.runners.ParentRunner$3.evaluate(ParentRunner.java:306)
	at org.junit.runners.ParentRunner.run(ParentRunner.java:413)
	at org.gradle.api.internal.tasks.testing.junit.JUnitTestClassExecutor.runTestClass(JUnitTestClassExecutor.java:110)
	at org.gradle.api.internal.tasks.testing.junit.JUnitTestClassExecutor.execute(JUnitTestClassExecutor.java:58)
	at org.gradle.api.internal.tasks.testing.junit.JUnitTestClassExecutor.execute(JUnitTestClassExecutor.java:38)
	at org.gradle.api.internal.tasks.testing.junit.AbstractJUnitTestClassProcessor.processTestClass(AbstractJUnitTestClassProcessor.java:62)
	at org.gradle.api.internal.tasks.testing.SuiteTestClassProcessor.processTestClass(SuiteTestClassProcessor.java:51)
	at java.base/jdk.internal.reflect.NativeMethodAccessorImpl.invoke0(Native Method)
	at java.base/jdk.internal.reflect.NativeMethodAccessorImpl.invoke(NativeMethodAccessorImpl.java:62)
	at java.base/jdk.internal.reflect.DelegatingMethodAccessorImpl.invoke(DelegatingMethodAccessorImpl.java:43)
	at java.base/java.lang.reflect.Method.invoke(Method.java:566)
	at org.gradle.internal.dispatch.ReflectionDispatch.dispatch(ReflectionDispatch.java:36)
	at org.gradle.internal.dispatch.ReflectionDispatch.dispatch(ReflectionDispatch.java:24)
	at org.gradle.internal.dispatch.ContextClassLoaderDispatch.dispatch(ContextClassLoaderDispatch.java:33)
	at org.gradle.internal.dispatch.ProxyDispatchAdapter$DispatchingInvocationHandler.invoke(ProxyDispatchAdapter.java:94)
	at com.sun.proxy.$Proxy2.processTestClass(Unknown Source)
	at org.gradle.api.internal.tasks.testing.worker.TestWorker.processTestClass(TestWorker.java:121)
	at java.base/jdk.internal.reflect.NativeMethodAccessorImpl.invoke0(Native Method)
	at java.base/jdk.internal.reflect.NativeMethodAccessorImpl.invoke(NativeMethodAccessorImpl.java:62)
	at java.base/jdk.internal.reflect.DelegatingMethodAccessorImpl.invoke(DelegatingMethodAccessorImpl.java:43)
	at java.base/java.lang.reflect.Method.invoke(Method.java:566)
	at org.gradle.internal.dispatch.ReflectionDispatch.dispatch(ReflectionDispatch.java:36)
	at org.gradle.internal.dispatch.ReflectionDispatch.dispatch(ReflectionDispatch.java:24)
	at org.gradle.internal.remote.internal.hub.MessageHubBackedObjectConnection$DispatchWrapper.dispatch(MessageHubBackedObjectConnection.java:182)
	at org.gradle.internal.remote.internal.hub.MessageHubBackedObjectConnection$DispatchWrapper.dispatch(MessageHubBackedObjectConnection.java:164)
	at org.gradle.internal.remote.internal.hub.MessageHub$Handler.run(MessageHub.java:414)
	at org.gradle.internal.concurrent.ExecutorPolicy$CatchAndRecordFailures.onExecute(ExecutorPolicy.java:64)
	at org.gradle.internal.concurrent.ManagedExecutorImpl$1.run(ManagedExecutorImpl.java:48)
	at java.base/java.util.concurrent.ThreadPoolExecutor.runWorker(ThreadPoolExecutor.java:1128)
	at java.base/java.util.concurrent.ThreadPoolExecutor$Worker.run(ThreadPoolExecutor.java:628)
	at org.gradle.internal.concurrent.ThreadFactoryImpl$ManagedThreadRunnable.run(ThreadFactoryImpl.java:56)
	at java.base/java.lang.Thread.run(Thread.java:829)
</failure>
  </testcase>
  <testcase name="testArray" classname="pascal.taie.analysis.pta.CSPTATest" time="1.597"/>
  <testcase name="testCall" classname="pascal.taie.analysis.pta.CSPTATest" time="1.373"/>
  <testcase name="testStaticField" classname="pascal.taie.analysis.pta.CSPTATest" time="1.645"/>
  <testcase name="testTwoObject" classname="pascal.taie.analysis.pta.CSPTATest" time="1.465">
    <failure message="java.lang.NullPointerException: HybridArrayHashMap does not permit null keys" type="java.lang.NullPointerException">java.lang.NullPointerException: HybridArrayHashMap does not permit null keys
	at java.base/java.util.Objects.requireNonNull(Objects.java:246)
	at pascal.taie.util.collection.HybridArrayHashMap.put(HybridArrayHashMap.java:139)
	at java.base/java.util.Map.computeIfAbsent(Map.java:1004)
	at pascal.taie.analysis.pta.core.cs.element.MapBasedCSManager.getOrCreateCSElement(MapBasedCSManager.java:49)
	at pascal.taie.analysis.pta.core.cs.element.MapBasedCSManager.getCSMethod(MapBasedCSManager.java:70)
	at pascal.taie.analysis.pta.cs.Solver$StmtProcessor.visit(Solver.java:140)
	at pascal.taie.analysis.pta.cs.Solver$StmtProcessor.visit(Solver.java:96)
	at pascal.taie.ir.stmt.Invoke.accept(Invoke.java:138)
	at pascal.taie.analysis.pta.cs.Solver.addReachable(Solver.java:88)
	at pascal.taie.analysis.pta.cs.Solver.initialize(Solver.java:77)
	at pascal.taie.analysis.pta.cs.Solver.solve(Solver.java:63)
	at pascal.taie.analysis.pta.cs.CSPTA.analyze(CSPTA.java:46)
	at pascal.taie.analysis.pta.cs.CSPTA.analyze(CSPTA.java:32)
	at pascal.taie.analysis.AnalysisManager.runInterproceduralAnalysis(AnalysisManager.java:124)
	at pascal.taie.analysis.AnalysisManager.runAnalysis(AnalysisManager.java:62)
	at pascal.taie.analysis.AnalysisManager.lambda$execute$0(AnalysisManager.java:49)
	at pascal.taie.util.Timer.lambda$runAndCount$0(Timer.java:102)
	at pascal.taie.util.Timer.runAndCount(Timer.java:83)
	at pascal.taie.util.Timer.runAndCount(Timer.java:101)
	at pascal.taie.util.Timer.runAndCount(Timer.java:97)
	at pascal.taie.analysis.AnalysisManager.lambda$execute$1(AnalysisManager.java:48)
	at java.base/java.util.ArrayList.forEach(ArrayList.java:1541)
	at pascal.taie.analysis.AnalysisManager.execute(AnalysisManager.java:48)
	at pascal.taie.Main.executePlan(Main.java:128)
	at pascal.taie.Main.lambda$main$0(Main.java:46)
	at pascal.taie.util.Timer.lambda$runAndCount$0(Timer.java:102)
	at pascal.taie.util.Timer.runAndCount(Timer.java:83)
	at pascal.taie.util.Timer.runAndCount(Timer.java:101)
	at pascal.taie.util.Timer.runAndCount(Timer.java:97)
	at pascal.taie.Main.main(Main.java:38)
	at pascal.taie.analysis.Tests.testPTA(Tests.java:59)
	at pascal.taie.analysis.pta.CSPTATest.testTwoObject(CSPTATest.java:69)
	at java.base/jdk.internal.reflect.NativeMethodAccessorImpl.invoke0(Native Method)
	at java.base/jdk.internal.reflect.NativeMethodAccessorImpl.invoke(NativeMethodAccessorImpl.java:62)
	at java.base/jdk.internal.reflect.DelegatingMethodAccessorImpl.invoke(DelegatingMethodAccessorImpl.java:43)
	at java.base/java.lang.reflect.Method.invoke(Method.java:566)
	at org.junit.runners.model.FrameworkMethod$1.runReflectiveCall(FrameworkMethod.java:59)
	at org.junit.internal.runners.model.ReflectiveCallable.run(ReflectiveCallable.java:12)
	at org.junit.runners.model.FrameworkMethod.invokeExplosively(FrameworkMethod.java:56)
	at org.junit.internal.runners.statements.InvokeMethod.evaluate(InvokeMethod.java:17)
	at org.junit.runners.ParentRunner$3.evaluate(ParentRunner.java:306)
	at org.junit.runners.BlockJUnit4ClassRunner$1.evaluate(BlockJUnit4ClassRunner.java:100)
	at org.junit.runners.ParentRunner.runLeaf(ParentRunner.java:366)
	at org.junit.runners.BlockJUnit4ClassRunner.runChild(BlockJUnit4ClassRunner.java:103)
	at org.junit.runners.BlockJUnit4ClassRunner.runChild(BlockJUnit4ClassRunner.java:63)
	at org.junit.runners.ParentRunner$4.run(ParentRunner.java:331)
	at org.junit.runners.ParentRunner$1.schedule(ParentRunner.java:79)
	at org.junit.runners.ParentRunner.runChildren(ParentRunner.java:329)
	at org.junit.runners.ParentRunner.access$100(ParentRunner.java:66)
	at org.junit.runners.ParentRunner$2.evaluate(ParentRunner.java:293)
	at org.junit.runners.ParentRunner$3.evaluate(ParentRunner.java:306)
	at org.junit.runners.ParentRunner.run(ParentRunner.java:413)
	at org.gradle.api.internal.tasks.testing.junit.JUnitTestClassExecutor.runTestClass(JUnitTestClassExecutor.java:110)
	at org.gradle.api.internal.tasks.testing.junit.JUnitTestClassExecutor.execute(JUnitTestClassExecutor.java:58)
	at org.gradle.api.internal.tasks.testing.junit.JUnitTestClassExecutor.execute(JUnitTestClassExecutor.java:38)
	at org.gradle.api.internal.tasks.testing.junit.AbstractJUnitTestClassProcessor.processTestClass(AbstractJUnitTestClassProcessor.java:62)
	at org.gradle.api.internal.tasks.testing.SuiteTestClassProcessor.processTestClass(SuiteTestClassProcessor.java:51)
	at java.base/jdk.internal.reflect.NativeMethodAccessorImpl.invoke0(Native Method)
	at java.base/jdk.internal.reflect.NativeMethodAccessorImpl.invoke(NativeMethodAccessorImpl.java:62)
	at java.base/jdk.internal.reflect.DelegatingMethodAccessorImpl.invoke(DelegatingMethodAccessorImpl.java:43)
	at java.base/java.lang.reflect.Method.invoke(Method.java:566)
	at org.gradle.internal.dispatch.ReflectionDispatch.dispatch(ReflectionDispatch.java:36)
	at org.gradle.internal.dispatch.ReflectionDispatch.dispatch(ReflectionDispatch.java:24)
	at org.gradle.internal.dispatch.ContextClassLoaderDispatch.dispatch(ContextClassLoaderDispatch.java:33)
	at org.gradle.internal.dispatch.ProxyDispatchAdapter$DispatchingInvocationHandler.invoke(ProxyDispatchAdapter.java:94)
	at com.sun.proxy.$Proxy2.processTestClass(Unknown Source)
	at org.gradle.api.internal.tasks.testing.worker.TestWorker.processTestClass(TestWorker.java:121)
	at java.base/jdk.internal.reflect.NativeMethodAccessorImpl.invoke0(Native Method)
	at java.base/jdk.internal.reflect.NativeMethodAccessorImpl.invoke(NativeMethodAccessorImpl.java:62)
	at java.base/jdk.internal.reflect.DelegatingMethodAccessorImpl.invoke(DelegatingMethodAccessorImpl.java:43)
	at java.base/java.lang.reflect.Method.invoke(Method.java:566)
	at org.gradle.internal.dispatch.ReflectionDispatch.dispatch(ReflectionDispatch.java:36)
	at org.gradle.internal.dispatch.ReflectionDispatch.dispatch(ReflectionDispatch.java:24)
	at org.gradle.internal.remote.internal.hub.MessageHubBackedObjectConnection$DispatchWrapper.dispatch(MessageHubBackedObjectConnection.java:182)
	at org.gradle.internal.remote.internal.hub.MessageHubBackedObjectConnection$DispatchWrapper.dispatch(MessageHubBackedObjectConnection.java:164)
	at org.gradle.internal.remote.internal.hub.MessageHub$Handler.run(MessageHub.java:414)
	at org.gradle.internal.concurrent.ExecutorPolicy$CatchAndRecordFailures.onExecute(ExecutorPolicy.java:64)
	at org.gradle.internal.concurrent.ManagedExecutorImpl$1.run(ManagedExecutorImpl.java:48)
	at java.base/java.util.concurrent.ThreadPoolExecutor.runWorker(ThreadPoolExecutor.java:1128)
	at java.base/java.util.concurrent.ThreadPoolExecutor$Worker.run(ThreadPoolExecutor.java:628)
	at org.gradle.internal.concurrent.ThreadFactoryImpl$ManagedThreadRunnable.run(ThreadFactoryImpl.java:56)
	at java.base/java.lang.Thread.run(Thread.java:829)
</failure>
  </testcase>
  <testcase name="testInstanceField" classname="pascal.taie.analysis.pta.CSPTATest" time="1.478"/>
  <testcase name="testAssign" classname="pascal.taie.analysis.pta.CSPTATest" time="1.417"/>
  <testcase name="testOneObject" classname="pascal.taie.analysis.pta.CSPTATest" time="1.546">
    <failure message="java.lang.NullPointerException: HybridArrayHashMap does not permit null keys" type="java.lang.NullPointerException">java.lang.NullPointerException: HybridArrayHashMap does not permit null keys
	at java.base/java.util.Objects.requireNonNull(Objects.java:246)
	at pascal.taie.util.collection.HybridArrayHashMap.put(HybridArrayHashMap.java:139)
	at java.base/java.util.Map.computeIfAbsent(Map.java:1004)
	at pascal.taie.analysis.pta.core.cs.element.MapBasedCSManager.getOrCreateCSElement(MapBasedCSManager.java:49)
	at pascal.taie.analysis.pta.core.cs.element.MapBasedCSManager.getCSMethod(MapBasedCSManager.java:70)
	at pascal.taie.analysis.pta.cs.Solver$StmtProcessor.visit(Solver.java:140)
	at pascal.taie.analysis.pta.cs.Solver$StmtProcessor.visit(Solver.java:96)
	at pascal.taie.ir.stmt.Invoke.accept(Invoke.java:138)
	at pascal.taie.analysis.pta.cs.Solver.addReachable(Solver.java:88)
	at pascal.taie.analysis.pta.cs.Solver.initialize(Solver.java:77)
	at pascal.taie.analysis.pta.cs.Solver.solve(Solver.java:63)
	at pascal.taie.analysis.pta.cs.CSPTA.analyze(CSPTA.java:46)
	at pascal.taie.analysis.pta.cs.CSPTA.analyze(CSPTA.java:32)
	at pascal.taie.analysis.AnalysisManager.runInterproceduralAnalysis(AnalysisManager.java:124)
	at pascal.taie.analysis.AnalysisManager.runAnalysis(AnalysisManager.java:62)
	at pascal.taie.analysis.AnalysisManager.lambda$execute$0(AnalysisManager.java:49)
	at pascal.taie.util.Timer.lambda$runAndCount$0(Timer.java:102)
	at pascal.taie.util.Timer.runAndCount(Timer.java:83)
	at pascal.taie.util.Timer.runAndCount(Timer.java:101)
	at pascal.taie.util.Timer.runAndCount(Timer.java:97)
	at pascal.taie.analysis.AnalysisManager.lambda$execute$1(AnalysisManager.java:48)
	at java.base/java.util.ArrayList.forEach(ArrayList.java:1541)
	at pascal.taie.analysis.AnalysisManager.execute(AnalysisManager.java:48)
	at pascal.taie.Main.executePlan(Main.java:128)
	at pascal.taie.Main.lambda$main$0(Main.java:46)
	at pascal.taie.util.Timer.lambda$runAndCount$0(Timer.java:102)
	at pascal.taie.util.Timer.runAndCount(Timer.java:83)
	at pascal.taie.util.Timer.runAndCount(Timer.java:101)
	at pascal.taie.util.Timer.runAndCount(Timer.java:97)
	at pascal.taie.Main.main(Main.java:38)
	at pascal.taie.analysis.Tests.testPTA(Tests.java:59)
	at pascal.taie.analysis.pta.CSPTATest.testOneObject(CSPTATest.java:54)
	at java.base/jdk.internal.reflect.NativeMethodAccessorImpl.invoke0(Native Method)
	at java.base/jdk.internal.reflect.NativeMethodAccessorImpl.invoke(NativeMethodAccessorImpl.java:62)
	at java.base/jdk.internal.reflect.DelegatingMethodAccessorImpl.invoke(DelegatingMethodAccessorImpl.java:43)
	at java.base/java.lang.reflect.Method.invoke(Method.java:566)
	at org.junit.runners.model.FrameworkMethod$1.runReflectiveCall(FrameworkMethod.java:59)
	at org.junit.internal.runners.model.ReflectiveCallable.run(ReflectiveCallable.java:12)
	at org.junit.runners.model.FrameworkMethod.invokeExplosively(FrameworkMethod.java:56)
	at org.junit.internal.runners.statements.InvokeMethod.evaluate(InvokeMethod.java:17)
	at org.junit.runners.ParentRunner$3.evaluate(ParentRunner.java:306)
	at org.junit.runners.BlockJUnit4ClassRunner$1.evaluate(BlockJUnit4ClassRunner.java:100)
	at org.junit.runners.ParentRunner.runLeaf(ParentRunner.java:366)
	at org.junit.runners.BlockJUnit4ClassRunner.runChild(BlockJUnit4ClassRunner.java:103)
	at org.junit.runners.BlockJUnit4ClassRunner.runChild(BlockJUnit4ClassRunner.java:63)
	at org.junit.runners.ParentRunner$4.run(ParentRunner.java:331)
	at org.junit.runners.ParentRunner$1.schedule(ParentRunner.java:79)
	at org.junit.runners.ParentRunner.runChildren(ParentRunner.java:329)
	at org.junit.runners.ParentRunner.access$100(ParentRunner.java:66)
	at org.junit.runners.ParentRunner$2.evaluate(ParentRunner.java:293)
	at org.junit.runners.ParentRunner$3.evaluate(ParentRunner.java:306)
	at org.junit.runners.ParentRunner.run(ParentRunner.java:413)
	at org.gradle.api.internal.tasks.testing.junit.JUnitTestClassExecutor.runTestClass(JUnitTestClassExecutor.java:110)
	at org.gradle.api.internal.tasks.testing.junit.JUnitTestClassExecutor.execute(JUnitTestClassExecutor.java:58)
	at org.gradle.api.internal.tasks.testing.junit.JUnitTestClassExecutor.execute(JUnitTestClassExecutor.java:38)
	at org.gradle.api.internal.tasks.testing.junit.AbstractJUnitTestClassProcessor.processTestClass(AbstractJUnitTestClassProcessor.java:62)
	at org.gradle.api.internal.tasks.testing.SuiteTestClassProcessor.processTestClass(SuiteTestClassProcessor.java:51)
	at java.base/jdk.internal.reflect.NativeMethodAccessorImpl.invoke0(Native Method)
	at java.base/jdk.internal.reflect.NativeMethodAccessorImpl.invoke(NativeMethodAccessorImpl.java:62)
	at java.base/jdk.internal.reflect.DelegatingMethodAccessorImpl.invoke(DelegatingMethodAccessorImpl.java:43)
	at java.base/java.lang.reflect.Method.invoke(Method.java:566)
	at org.gradle.internal.dispatch.ReflectionDispatch.dispatch(ReflectionDispatch.java:36)
	at org.gradle.internal.dispatch.ReflectionDispatch.dispatch(ReflectionDispatch.java:24)
	at org.gradle.internal.dispatch.ContextClassLoaderDispatch.dispatch(ContextClassLoaderDispatch.java:33)
	at org.gradle.internal.dispatch.ProxyDispatchAdapter$DispatchingInvocationHandler.invoke(ProxyDispatchAdapter.java:94)
	at com.sun.proxy.$Proxy2.processTestClass(Unknown Source)
	at org.gradle.api.internal.tasks.testing.worker.TestWorker.processTestClass(TestWorker.java:121)
	at java.base/jdk.internal.reflect.NativeMethodAccessorImpl.invoke0(Native Method)
	at java.base/jdk.internal.reflect.NativeMethodAccessorImpl.invoke(NativeMethodAccessorImpl.java:62)
	at java.base/jdk.internal.reflect.DelegatingMethodAccessorImpl.invoke(DelegatingMethodAccessorImpl.java:43)
	at java.base/java.lang.reflect.Method.invoke(Method.java:566)
	at org.gradle.internal.dispatch.ReflectionDispatch.dispatch(ReflectionDispatch.java:36)
	at org.gradle.internal.dispatch.ReflectionDispatch.dispatch(ReflectionDispatch.java:24)
	at org.gradle.internal.remote.internal.hub.MessageHubBackedObjectConnection$DispatchWrapper.dispatch(MessageHubBackedObjectConnection.java:182)
	at org.gradle.internal.remote.internal.hub.MessageHubBackedObjectConnection$DispatchWrapper.dispatch(MessageHubBackedObjectConnection.java:164)
	at org.gradle.internal.remote.internal.hub.MessageHub$Handler.run(MessageHub.java:414)
	at org.gradle.internal.concurrent.ExecutorPolicy$CatchAndRecordFailures.onExecute(ExecutorPolicy.java:64)
	at org.gradle.internal.concurrent.ManagedExecutorImpl$1.run(ManagedExecutorImpl.java:48)
	at java.base/java.util.concurrent.ThreadPoolExecutor.runWorker(ThreadPoolExecutor.java:1128)
	at java.base/java.util.concurrent.ThreadPoolExecutor$Worker.run(ThreadPoolExecutor.java:628)
	at org.gradle.internal.concurrent.ThreadFactoryImpl$ManagedThreadRunnable.run(ThreadFactoryImpl.java:56)
	at java.base/java.lang.Thread.run(Thread.java:829)
</failure>
  </testcase>
  <system-out><![CDATA[Tai-e starts ...
Writing options to output\options.yml
Writing analysis plan to output\tai-e-plan.yml
WorldBuilder starts ...
9162 classes with 89829 methods in the world
WorldBuilder finishes, elapsed time: 3.32s
cspta starts ...
-------------- Pointer analysis statistics: --------------
#var pointers:                9 (insens) / 9 (sens)
#var points-to:               10 (insens) / 10 (sens)
#static field points-to:      0 (sens)
#instance field points-to:    1 (sens)
#array points-to:             0 (sens)
#reachable methods:           4 (insens) / 4 (sens)
#call graph edges:            4 (insens) / 4 (sens)
----------------------------------------
Comparing points-to set with src\test\resources\pta\cspta\StoreLoad-expected.txt ...
cspta finishes, elapsed time: 0.14s
class-dumper starts ...
Dumping 3 classes to output ...
class-dumper finishes, elapsed time: 0.02s
Tai-e finishes, elapsed time: 3.64s
Tai-e starts ...
Writing options to output\options.yml
Writing analysis plan to output\tai-e-plan.yml
WorldBuilder starts ...
9165 classes with 89837 methods in the world
WorldBuilder finishes, elapsed time: 1.87s
cspta starts ...
Tai-e starts ...
Writing options to output\options.yml
Writing analysis plan to output\tai-e-plan.yml
WorldBuilder starts ...
9164 classes with 89835 methods in the world
WorldBuilder finishes, elapsed time: 1.52s
cspta starts ...
Tai-e starts ...
Writing options to output\options.yml
Writing analysis plan to output\tai-e-plan.yml
WorldBuilder starts ...
9163 classes with 89830 methods in the world
WorldBuilder finishes, elapsed time: 1.66s
cspta starts ...
-------------- Pointer analysis statistics: --------------
#var pointers:                12 (insens) / 12 (sens)
#var points-to:               18 (insens) / 18 (sens)
#static field points-to:      0 (sens)
#instance field points-to:    0 (sens)
#array points-to:             0 (sens)
#reachable methods:           5 (insens) / 5 (sens)
#call graph edges:            7 (insens) / 7 (sens)
----------------------------------------
Comparing points-to set with src\test\resources\pta\cspta\New-expected.txt ...
cspta finishes, elapsed time: 0.01s
class-dumper starts ...
Dumping 4 classes to output ...
class-dumper finishes, elapsed time: 0.00s
Tai-e finishes, elapsed time: 1.69s
Tai-e starts ...
Writing options to output\options.yml
Writing analysis plan to output\tai-e-plan.yml
WorldBuilder starts ...
9163 classes with 89833 methods in the world
WorldBuilder finishes, elapsed time: 1.66s
cspta starts ...
Tai-e starts ...
Writing options to output\options.yml
Writing analysis plan to output\tai-e-plan.yml
WorldBuilder starts ...
9165 classes with 89837 methods in the world
WorldBuilder finishes, elapsed time: 1.46s
cspta starts ...
Tai-e starts ...
Writing options to output\options.yml
Writing analysis plan to output\tai-e-plan.yml
WorldBuilder starts ...
9162 classes with 89830 methods in the world
WorldBuilder finishes, elapsed time: 1.57s
cspta starts ...
-------------- Pointer analysis statistics: --------------
#var pointers:                14 (insens) / 14 (sens)
#var points-to:               17 (insens) / 17 (sens)
#static field points-to:      0 (sens)
#instance field points-to:    0 (sens)
#array points-to:             3 (sens)
#reachable methods:           5 (insens) / 5 (sens)
#call graph edges:            6 (insens) / 6 (sens)
----------------------------------------
Comparing points-to set with src\test\resources\pta\cspta\Array-expected.txt ...
cspta finishes, elapsed time: 0.01s
class-dumper starts ...
Dumping 3 classes to output ...
class-dumper finishes, elapsed time: 0.00s
Tai-e finishes, elapsed time: 1.60s
Tai-e starts ...
Writing options to output\options.yml
Writing analysis plan to output\tai-e-plan.yml
WorldBuilder starts ...
9163 classes with 89831 methods in the world
WorldBuilder finishes, elapsed time: 1.35s
cspta starts ...
-------------- Pointer analysis statistics: --------------
#var pointers:                15 (insens) / 15 (sens)
#var points-to:               17 (insens) / 17 (sens)
#static field points-to:      0 (sens)
#instance field points-to:    0 (sens)
#array points-to:             0 (sens)
#reachable methods:           6 (insens) / 6 (sens)
#call graph edges:            7 (insens) / 7 (sens)
----------------------------------------
Comparing points-to set with src\test\resources\pta\cspta\Call-expected.txt ...
cspta finishes, elapsed time: 0.01s
class-dumper starts ...
Dumping 4 classes to output ...
class-dumper finishes, elapsed time: 0.00s
Tai-e finishes, elapsed time: 1.37s
Tai-e starts ...
Writing options to output\options.yml
Writing analysis plan to output\tai-e-plan.yml
WorldBuilder starts ...
9162 classes with 89829 methods in the world
WorldBuilder finishes, elapsed time: 1.62s
cspta starts ...
-------------- Pointer analysis statistics: --------------
#var pointers:                4 (insens) / 4 (sens)
#var points-to:               4 (insens) / 4 (sens)
#static field points-to:      1 (sens)
#instance field points-to:    0 (sens)
#array points-to:             0 (sens)
#reachable methods:           3 (insens) / 3 (sens)
#call graph edges:            2 (insens) / 2 (sens)
----------------------------------------
Comparing points-to set with src\test\resources\pta\cspta\StaticField-expected.txt ...
cspta finishes, elapsed time: 0.01s
class-dumper starts ...
Dumping 3 classes to output ...
class-dumper finishes, elapsed time: 0.00s
Tai-e finishes, elapsed time: 1.64s
Tai-e starts ...
Writing options to output\options.yml
Writing analysis plan to output\tai-e-plan.yml
WorldBuilder starts ...
9163 classes with 89834 methods in the world
WorldBuilder finishes, elapsed time: 1.46s
cspta starts ...
Tai-e starts ...
Writing options to output\options.yml
Writing analysis plan to output\tai-e-plan.yml
WorldBuilder starts ...
9164 classes with 89835 methods in the world
WorldBuilder finishes, elapsed time: 1.46s
cspta starts ...
-------------- Pointer analysis statistics: --------------
#var pointers:                38 (insens) / 38 (sens)
#var points-to:               53 (insens) / 53 (sens)
#static field points-to:      0 (sens)
#instance field points-to:    6 (sens)
#array points-to:             0 (sens)
#reachable methods:           10 (insens) / 10 (sens)
#call graph edges:            18 (insens) / 18 (sens)
----------------------------------------
Comparing points-to set with src\test\resources\pta\cspta\InstanceField-expected.txt ...
cspta finishes, elapsed time: 0.01s
class-dumper starts ...
Dumping 5 classes to output ...
class-dumper finishes, elapsed time: 0.00s
Tai-e finishes, elapsed time: 1.48s
Tai-e starts ...
Writing options to output\options.yml
Writing analysis plan to output\tai-e-plan.yml
WorldBuilder starts ...
9162 classes with 89829 methods in the world
WorldBuilder finishes, elapsed time: 1.40s
cspta starts ...
-------------- Pointer analysis statistics: --------------
#var pointers:                9 (insens) / 9 (sens)
#var points-to:               14 (insens) / 14 (sens)
#static field points-to:      0 (sens)
#instance field points-to:    0 (sens)
#array points-to:             0 (sens)
#reachable methods:           4 (insens) / 4 (sens)
#call graph edges:            4 (insens) / 4 (sens)
----------------------------------------
Comparing points-to set with src\test\resources\pta\cspta\Assign-expected.txt ...
cspta finishes, elapsed time: 0.01s
class-dumper starts ...
Dumping 3 classes to output ...
class-dumper finishes, elapsed time: 0.00s
Tai-e finishes, elapsed time: 1.42s
Tai-e starts ...
Writing options to output\options.yml
Writing analysis plan to output\tai-e-plan.yml
WorldBuilder starts ...
9162 classes with 89833 methods in the world
WorldBuilder finishes, elapsed time: 1.54s
cspta starts ...
]]></system-out>
  <system-err><![CDATA[]]></system-err>
</testsuite>
