<!DOCTYPE html>
<html>
<head>
<meta http-equiv="Content-Type" content="text/html; charset=utf-8"/>
<meta http-equiv="x-ua-compatible" content="IE=edge"/>
<title>Test results - Class pascal.taie.analysis.pta.CSPTATest</title>
<link href="../css/base-style.css" rel="stylesheet" type="text/css"/>
<link href="../css/style.css" rel="stylesheet" type="text/css"/>
<script src="../js/report.js" type="text/javascript"></script>
</head>
<body>
<div id="content">
<h1>Class pascal.taie.analysis.pta.CSPTATest</h1>
<div class="breadcrumbs">
<a href="../index.html">all</a> &gt; 
<a href="../packages/pascal.taie.analysis.pta.html">pascal.taie.analysis.pta</a> &gt; CSPTATest</div>
<div id="summary">
<table>
<tr>
<td>
<div class="summaryGroup">
<table>
<tr>
<td>
<div class="infoBox" id="tests">
<div class="counter">13</div>
<p>tests</p>
</div>
</td>
<td>
<div class="infoBox" id="failures">
<div class="counter">6</div>
<p>failures</p>
</div>
</td>
<td>
<div class="infoBox" id="ignored">
<div class="counter">0</div>
<p>ignored</p>
</div>
</td>
<td>
<div class="infoBox" id="duration">
<div class="counter">22.811s</div>
<p>duration</p>
</div>
</td>
</tr>
</table>
</div>
</td>
<td>
<div class="infoBox failures" id="successRate">
<div class="percent">53%</div>
<p>successful</p>
</div>
</td>
</tr>
</table>
</div>
<div id="tabs">
<ul class="tabLinks">
<li>
<a href="#tab0">Failed tests</a>
</li>
<li>
<a href="#tab1">Tests</a>
</li>
<li>
<a href="#tab2">Standard output</a>
</li>
</ul>
<div id="tab0" class="tab">
<h2>Failed tests</h2>
<div class="test">
<a name="testOneCall"></a>
<h3 class="failures">testOneCall</h3>
<span class="code">
<pre>java.lang.NullPointerException: HybridArrayHashMap does not permit null keys
	at java.base/java.util.Objects.requireNonNull(Objects.java:246)
	at pascal.taie.util.collection.HybridArrayHashMap.put(HybridArrayHashMap.java:139)
	at java.base/java.util.Map.computeIfAbsent(Map.java:1004)
	at pascal.taie.analysis.pta.core.cs.element.MapBasedCSManager.getOrCreateCSElement(MapBasedCSManager.java:49)
	at pascal.taie.analysis.pta.core.cs.element.MapBasedCSManager.getCSVar(MapBasedCSManager.java:54)
	at pascal.taie.analysis.pta.cs.Solver$StmtProcessor.visit(Solver.java:108)
	at pascal.taie.analysis.pta.cs.Solver$StmtProcessor.visit(Solver.java:96)
	at pascal.taie.ir.stmt.New.accept(New.java:43)
	at pascal.taie.analysis.pta.cs.Solver.addReachable(Solver.java:88)
	at pascal.taie.analysis.pta.cs.Solver.initialize(Solver.java:77)
	at pascal.taie.analysis.pta.cs.Solver.solve(Solver.java:63)
	at pascal.taie.analysis.pta.cs.CSPTA.analyze(CSPTA.java:46)
	at pascal.taie.analysis.pta.cs.CSPTA.analyze(CSPTA.java:32)
	at pascal.taie.analysis.AnalysisManager.runInterproceduralAnalysis(AnalysisManager.java:124)
	at pascal.taie.analysis.AnalysisManager.runAnalysis(AnalysisManager.java:62)
	at pascal.taie.analysis.AnalysisManager.lambda$execute$0(AnalysisManager.java:49)
	at pascal.taie.util.Timer.lambda$runAndCount$0(Timer.java:102)
	at pascal.taie.util.Timer.runAndCount(Timer.java:83)
	at pascal.taie.util.Timer.runAndCount(Timer.java:101)
	at pascal.taie.util.Timer.runAndCount(Timer.java:97)
	at pascal.taie.analysis.AnalysisManager.lambda$execute$1(AnalysisManager.java:48)
	at java.base/java.util.ArrayList.forEach(ArrayList.java:1541)
	at pascal.taie.analysis.AnalysisManager.execute(AnalysisManager.java:48)
	at pascal.taie.Main.executePlan(Main.java:128)
	at pascal.taie.Main.lambda$main$0(Main.java:46)
	at pascal.taie.util.Timer.lambda$runAndCount$0(Timer.java:102)
	at pascal.taie.util.Timer.runAndCount(Timer.java:83)
	at pascal.taie.util.Timer.runAndCount(Timer.java:101)
	at pascal.taie.util.Timer.runAndCount(Timer.java:97)
	at pascal.taie.Main.main(Main.java:38)
	at pascal.taie.analysis.Tests.testPTA(Tests.java:59)
	at pascal.taie.analysis.pta.CSPTATest.testOneCall(CSPTATest.java:49)
	at java.base/jdk.internal.reflect.NativeMethodAccessorImpl.invoke0(Native Method)
	at java.base/jdk.internal.reflect.NativeMethodAccessorImpl.invoke(NativeMethodAccessorImpl.java:62)
	at java.base/jdk.internal.reflect.DelegatingMethodAccessorImpl.invoke(DelegatingMethodAccessorImpl.java:43)
	at java.base/java.lang.reflect.Method.invoke(Method.java:566)
	at org.junit.runners.model.FrameworkMethod$1.runReflectiveCall(FrameworkMethod.java:59)
	at org.junit.internal.runners.model.ReflectiveCallable.run(ReflectiveCallable.java:12)
	at org.junit.runners.model.FrameworkMethod.invokeExplosively(FrameworkMethod.java:56)
	at org.junit.internal.runners.statements.InvokeMethod.evaluate(InvokeMethod.java:17)
	at org.junit.runners.ParentRunner$3.evaluate(ParentRunner.java:306)
	at org.junit.runners.BlockJUnit4ClassRunner$1.evaluate(BlockJUnit4ClassRunner.java:100)
	at org.junit.runners.ParentRunner.runLeaf(ParentRunner.java:366)
	at org.junit.runners.BlockJUnit4ClassRunner.runChild(BlockJUnit4ClassRunner.java:103)
	at org.junit.runners.BlockJUnit4ClassRunner.runChild(BlockJUnit4ClassRunner.java:63)
	at org.junit.runners.ParentRunner$4.run(ParentRunner.java:331)
	at org.junit.runners.ParentRunner$1.schedule(ParentRunner.java:79)
	at org.junit.runners.ParentRunner.runChildren(ParentRunner.java:329)
	at org.junit.runners.ParentRunner.access$100(ParentRunner.java:66)
	at org.junit.runners.ParentRunner$2.evaluate(ParentRunner.java:293)
	at org.junit.runners.ParentRunner$3.evaluate(ParentRunner.java:306)
	at org.junit.runners.ParentRunner.run(ParentRunner.java:413)
	at org.gradle.api.internal.tasks.testing.junit.JUnitTestClassExecutor.runTestClass(JUnitTestClassExecutor.java:110)
	at org.gradle.api.internal.tasks.testing.junit.JUnitTestClassExecutor.execute(JUnitTestClassExecutor.java:58)
	at org.gradle.api.internal.tasks.testing.junit.JUnitTestClassExecutor.execute(JUnitTestClassExecutor.java:38)
	at org.gradle.api.internal.tasks.testing.junit.AbstractJUnitTestClassProcessor.processTestClass(AbstractJUnitTestClassProcessor.java:62)
	at org.gradle.api.internal.tasks.testing.SuiteTestClassProcessor.processTestClass(SuiteTestClassProcessor.java:51)
	at java.base/jdk.internal.reflect.NativeMethodAccessorImpl.invoke0(Native Method)
	at java.base/jdk.internal.reflect.NativeMethodAccessorImpl.invoke(NativeMethodAccessorImpl.java:62)
	at java.base/jdk.internal.reflect.DelegatingMethodAccessorImpl.invoke(DelegatingMethodAccessorImpl.java:43)
	at java.base/java.lang.reflect.Method.invoke(Method.java:566)
	at org.gradle.internal.dispatch.ReflectionDispatch.dispatch(ReflectionDispatch.java:36)
	at org.gradle.internal.dispatch.ReflectionDispatch.dispatch(ReflectionDispatch.java:24)
	at org.gradle.internal.dispatch.ContextClassLoaderDispatch.dispatch(ContextClassLoaderDispatch.java:33)
	at org.gradle.internal.dispatch.ProxyDispatchAdapter$DispatchingInvocationHandler.invoke(ProxyDispatchAdapter.java:94)
	at com.sun.proxy.$Proxy2.processTestClass(Unknown Source)
	at org.gradle.api.internal.tasks.testing.worker.TestWorker.processTestClass(TestWorker.java:121)
	at java.base/jdk.internal.reflect.NativeMethodAccessorImpl.invoke0(Native Method)
	at java.base/jdk.internal.reflect.NativeMethodAccessorImpl.invoke(NativeMethodAccessorImpl.java:62)
	at java.base/jdk.internal.reflect.DelegatingMethodAccessorImpl.invoke(DelegatingMethodAccessorImpl.java:43)
	at java.base/java.lang.reflect.Method.invoke(Method.java:566)
	at org.gradle.internal.dispatch.ReflectionDispatch.dispatch(ReflectionDispatch.java:36)
	at org.gradle.internal.dispatch.ReflectionDispatch.dispatch(ReflectionDispatch.java:24)
	at org.gradle.internal.remote.internal.hub.MessageHubBackedObjectConnection$DispatchWrapper.dispatch(MessageHubBackedObjectConnection.java:182)
	at org.gradle.internal.remote.internal.hub.MessageHubBackedObjectConnection$DispatchWrapper.dispatch(MessageHubBackedObjectConnection.java:164)
	at org.gradle.internal.remote.internal.hub.MessageHub$Handler.run(MessageHub.java:414)
	at org.gradle.internal.concurrent.ExecutorPolicy$CatchAndRecordFailures.onExecute(ExecutorPolicy.java:64)
	at org.gradle.internal.concurrent.ManagedExecutorImpl$1.run(ManagedExecutorImpl.java:48)
	at java.base/java.util.concurrent.ThreadPoolExecutor.runWorker(ThreadPoolExecutor.java:1128)
	at java.base/java.util.concurrent.ThreadPoolExecutor$Worker.run(ThreadPoolExecutor.java:628)
	at org.gradle.internal.concurrent.ThreadFactoryImpl$ManagedThreadRunnable.run(ThreadFactoryImpl.java:56)
	at java.base/java.lang.Thread.run(Thread.java:829)
</pre>
</span>
</div>
<div class="test">
<a name="testOneObject"></a>
<h3 class="failures">testOneObject</h3>
<span class="code">
<pre>java.lang.NullPointerException: HybridArrayHashMap does not permit null keys
	at java.base/java.util.Objects.requireNonNull(Objects.java:246)
	at pascal.taie.util.collection.HybridArrayHashMap.put(HybridArrayHashMap.java:139)
	at java.base/java.util.Map.computeIfAbsent(Map.java:1004)
	at pascal.taie.analysis.pta.core.cs.element.MapBasedCSManager.getOrCreateCSElement(MapBasedCSManager.java:49)
	at pascal.taie.analysis.pta.core.cs.element.MapBasedCSManager.getCSMethod(MapBasedCSManager.java:70)
	at pascal.taie.analysis.pta.cs.Solver$StmtProcessor.visit(Solver.java:140)
	at pascal.taie.analysis.pta.cs.Solver$StmtProcessor.visit(Solver.java:96)
	at pascal.taie.ir.stmt.Invoke.accept(Invoke.java:138)
	at pascal.taie.analysis.pta.cs.Solver.addReachable(Solver.java:88)
	at pascal.taie.analysis.pta.cs.Solver.initialize(Solver.java:77)
	at pascal.taie.analysis.pta.cs.Solver.solve(Solver.java:63)
	at pascal.taie.analysis.pta.cs.CSPTA.analyze(CSPTA.java:46)
	at pascal.taie.analysis.pta.cs.CSPTA.analyze(CSPTA.java:32)
	at pascal.taie.analysis.AnalysisManager.runInterproceduralAnalysis(AnalysisManager.java:124)
	at pascal.taie.analysis.AnalysisManager.runAnalysis(AnalysisManager.java:62)
	at pascal.taie.analysis.AnalysisManager.lambda$execute$0(AnalysisManager.java:49)
	at pascal.taie.util.Timer.lambda$runAndCount$0(Timer.java:102)
	at pascal.taie.util.Timer.runAndCount(Timer.java:83)
	at pascal.taie.util.Timer.runAndCount(Timer.java:101)
	at pascal.taie.util.Timer.runAndCount(Timer.java:97)
	at pascal.taie.analysis.AnalysisManager.lambda$execute$1(AnalysisManager.java:48)
	at java.base/java.util.ArrayList.forEach(ArrayList.java:1541)
	at pascal.taie.analysis.AnalysisManager.execute(AnalysisManager.java:48)
	at pascal.taie.Main.executePlan(Main.java:128)
	at pascal.taie.Main.lambda$main$0(Main.java:46)
	at pascal.taie.util.Timer.lambda$runAndCount$0(Timer.java:102)
	at pascal.taie.util.Timer.runAndCount(Timer.java:83)
	at pascal.taie.util.Timer.runAndCount(Timer.java:101)
	at pascal.taie.util.Timer.runAndCount(Timer.java:97)
	at pascal.taie.Main.main(Main.java:38)
	at pascal.taie.analysis.Tests.testPTA(Tests.java:59)
	at pascal.taie.analysis.pta.CSPTATest.testOneObject(CSPTATest.java:54)
	at java.base/jdk.internal.reflect.NativeMethodAccessorImpl.invoke0(Native Method)
	at java.base/jdk.internal.reflect.NativeMethodAccessorImpl.invoke(NativeMethodAccessorImpl.java:62)
	at java.base/jdk.internal.reflect.DelegatingMethodAccessorImpl.invoke(DelegatingMethodAccessorImpl.java:43)
	at java.base/java.lang.reflect.Method.invoke(Method.java:566)
	at org.junit.runners.model.FrameworkMethod$1.runReflectiveCall(FrameworkMethod.java:59)
	at org.junit.internal.runners.model.ReflectiveCallable.run(ReflectiveCallable.java:12)
	at org.junit.runners.model.FrameworkMethod.invokeExplosively(FrameworkMethod.java:56)
	at org.junit.internal.runners.statements.InvokeMethod.evaluate(InvokeMethod.java:17)
	at org.junit.runners.ParentRunner$3.evaluate(ParentRunner.java:306)
	at org.junit.runners.BlockJUnit4ClassRunner$1.evaluate(BlockJUnit4ClassRunner.java:100)
	at org.junit.runners.ParentRunner.runLeaf(ParentRunner.java:366)
	at org.junit.runners.BlockJUnit4ClassRunner.runChild(BlockJUnit4ClassRunner.java:103)
	at org.junit.runners.BlockJUnit4ClassRunner.runChild(BlockJUnit4ClassRunner.java:63)
	at org.junit.runners.ParentRunner$4.run(ParentRunner.java:331)
	at org.junit.runners.ParentRunner$1.schedule(ParentRunner.java:79)
	at org.junit.runners.ParentRunner.runChildren(ParentRunner.java:329)
	at org.junit.runners.ParentRunner.access$100(ParentRunner.java:66)
	at org.junit.runners.ParentRunner$2.evaluate(ParentRunner.java:293)
	at org.junit.runners.ParentRunner$3.evaluate(ParentRunner.java:306)
	at org.junit.runners.ParentRunner.run(ParentRunner.java:413)
	at org.gradle.api.internal.tasks.testing.junit.JUnitTestClassExecutor.runTestClass(JUnitTestClassExecutor.java:110)
	at org.gradle.api.internal.tasks.testing.junit.JUnitTestClassExecutor.execute(JUnitTestClassExecutor.java:58)
	at org.gradle.api.internal.tasks.testing.junit.JUnitTestClassExecutor.execute(JUnitTestClassExecutor.java:38)
	at org.gradle.api.internal.tasks.testing.junit.AbstractJUnitTestClassProcessor.processTestClass(AbstractJUnitTestClassProcessor.java:62)
	at org.gradle.api.internal.tasks.testing.SuiteTestClassProcessor.processTestClass(SuiteTestClassProcessor.java:51)
	at java.base/jdk.internal.reflect.NativeMethodAccessorImpl.invoke0(Native Method)
	at java.base/jdk.internal.reflect.NativeMethodAccessorImpl.invoke(NativeMethodAccessorImpl.java:62)
	at java.base/jdk.internal.reflect.DelegatingMethodAccessorImpl.invoke(DelegatingMethodAccessorImpl.java:43)
	at java.base/java.lang.reflect.Method.invoke(Method.java:566)
	at org.gradle.internal.dispatch.ReflectionDispatch.dispatch(ReflectionDispatch.java:36)
	at org.gradle.internal.dispatch.ReflectionDispatch.dispatch(ReflectionDispatch.java:24)
	at org.gradle.internal.dispatch.ContextClassLoaderDispatch.dispatch(ContextClassLoaderDispatch.java:33)
	at org.gradle.internal.dispatch.ProxyDispatchAdapter$DispatchingInvocationHandler.invoke(ProxyDispatchAdapter.java:94)
	at com.sun.proxy.$Proxy2.processTestClass(Unknown Source)
	at org.gradle.api.internal.tasks.testing.worker.TestWorker.processTestClass(TestWorker.java:121)
	at java.base/jdk.internal.reflect.NativeMethodAccessorImpl.invoke0(Native Method)
	at java.base/jdk.internal.reflect.NativeMethodAccessorImpl.invoke(NativeMethodAccessorImpl.java:62)
	at java.base/jdk.internal.reflect.DelegatingMethodAccessorImpl.invoke(DelegatingMethodAccessorImpl.java:43)
	at java.base/java.lang.reflect.Method.invoke(Method.java:566)
	at org.gradle.internal.dispatch.ReflectionDispatch.dispatch(ReflectionDispatch.java:36)
	at org.gradle.internal.dispatch.ReflectionDispatch.dispatch(ReflectionDispatch.java:24)
	at org.gradle.internal.remote.internal.hub.MessageHubBackedObjectConnection$DispatchWrapper.dispatch(MessageHubBackedObjectConnection.java:182)
	at org.gradle.internal.remote.internal.hub.MessageHubBackedObjectConnection$DispatchWrapper.dispatch(MessageHubBackedObjectConnection.java:164)
	at org.gradle.internal.remote.internal.hub.MessageHub$Handler.run(MessageHub.java:414)
	at org.gradle.internal.concurrent.ExecutorPolicy$CatchAndRecordFailures.onExecute(ExecutorPolicy.java:64)
	at org.gradle.internal.concurrent.ManagedExecutorImpl$1.run(ManagedExecutorImpl.java:48)
	at java.base/java.util.concurrent.ThreadPoolExecutor.runWorker(ThreadPoolExecutor.java:1128)
	at java.base/java.util.concurrent.ThreadPoolExecutor$Worker.run(ThreadPoolExecutor.java:628)
	at org.gradle.internal.concurrent.ThreadFactoryImpl$ManagedThreadRunnable.run(ThreadFactoryImpl.java:56)
	at java.base/java.lang.Thread.run(Thread.java:829)
</pre>
</span>
</div>
<div class="test">
<a name="testOneType"></a>
<h3 class="failures">testOneType</h3>
<span class="code">
<pre>java.lang.NullPointerException: HybridArrayHashMap does not permit null keys
	at java.base/java.util.Objects.requireNonNull(Objects.java:246)
	at pascal.taie.util.collection.HybridArrayHashMap.put(HybridArrayHashMap.java:139)
	at java.base/java.util.Map.computeIfAbsent(Map.java:1004)
	at pascal.taie.analysis.pta.core.cs.element.MapBasedCSManager.getOrCreateCSElement(MapBasedCSManager.java:49)
	at pascal.taie.analysis.pta.core.cs.element.MapBasedCSManager.getCSVar(MapBasedCSManager.java:54)
	at pascal.taie.analysis.pta.cs.Solver$StmtProcessor.visit(Solver.java:108)
	at pascal.taie.analysis.pta.cs.Solver$StmtProcessor.visit(Solver.java:96)
	at pascal.taie.ir.stmt.New.accept(New.java:43)
	at pascal.taie.analysis.pta.cs.Solver.addReachable(Solver.java:88)
	at pascal.taie.analysis.pta.cs.Solver.initialize(Solver.java:77)
	at pascal.taie.analysis.pta.cs.Solver.solve(Solver.java:63)
	at pascal.taie.analysis.pta.cs.CSPTA.analyze(CSPTA.java:46)
	at pascal.taie.analysis.pta.cs.CSPTA.analyze(CSPTA.java:32)
	at pascal.taie.analysis.AnalysisManager.runInterproceduralAnalysis(AnalysisManager.java:124)
	at pascal.taie.analysis.AnalysisManager.runAnalysis(AnalysisManager.java:62)
	at pascal.taie.analysis.AnalysisManager.lambda$execute$0(AnalysisManager.java:49)
	at pascal.taie.util.Timer.lambda$runAndCount$0(Timer.java:102)
	at pascal.taie.util.Timer.runAndCount(Timer.java:83)
	at pascal.taie.util.Timer.runAndCount(Timer.java:101)
	at pascal.taie.util.Timer.runAndCount(Timer.java:97)
	at pascal.taie.analysis.AnalysisManager.lambda$execute$1(AnalysisManager.java:48)
	at java.base/java.util.ArrayList.forEach(ArrayList.java:1541)
	at pascal.taie.analysis.AnalysisManager.execute(AnalysisManager.java:48)
	at pascal.taie.Main.executePlan(Main.java:128)
	at pascal.taie.Main.lambda$main$0(Main.java:46)
	at pascal.taie.util.Timer.lambda$runAndCount$0(Timer.java:102)
	at pascal.taie.util.Timer.runAndCount(Timer.java:83)
	at pascal.taie.util.Timer.runAndCount(Timer.java:101)
	at pascal.taie.util.Timer.runAndCount(Timer.java:97)
	at pascal.taie.Main.main(Main.java:38)
	at pascal.taie.analysis.Tests.testPTA(Tests.java:59)
	at pascal.taie.analysis.pta.CSPTATest.testOneType(CSPTATest.java:59)
	at java.base/jdk.internal.reflect.NativeMethodAccessorImpl.invoke0(Native Method)
	at java.base/jdk.internal.reflect.NativeMethodAccessorImpl.invoke(NativeMethodAccessorImpl.java:62)
	at java.base/jdk.internal.reflect.DelegatingMethodAccessorImpl.invoke(DelegatingMethodAccessorImpl.java:43)
	at java.base/java.lang.reflect.Method.invoke(Method.java:566)
	at org.junit.runners.model.FrameworkMethod$1.runReflectiveCall(FrameworkMethod.java:59)
	at org.junit.internal.runners.model.ReflectiveCallable.run(ReflectiveCallable.java:12)
	at org.junit.runners.model.FrameworkMethod.invokeExplosively(FrameworkMethod.java:56)
	at org.junit.internal.runners.statements.InvokeMethod.evaluate(InvokeMethod.java:17)
	at org.junit.runners.ParentRunner$3.evaluate(ParentRunner.java:306)
	at org.junit.runners.BlockJUnit4ClassRunner$1.evaluate(BlockJUnit4ClassRunner.java:100)
	at org.junit.runners.ParentRunner.runLeaf(ParentRunner.java:366)
	at org.junit.runners.BlockJUnit4ClassRunner.runChild(BlockJUnit4ClassRunner.java:103)
	at org.junit.runners.BlockJUnit4ClassRunner.runChild(BlockJUnit4ClassRunner.java:63)
	at org.junit.runners.ParentRunner$4.run(ParentRunner.java:331)
	at org.junit.runners.ParentRunner$1.schedule(ParentRunner.java:79)
	at org.junit.runners.ParentRunner.runChildren(ParentRunner.java:329)
	at org.junit.runners.ParentRunner.access$100(ParentRunner.java:66)
	at org.junit.runners.ParentRunner$2.evaluate(ParentRunner.java:293)
	at org.junit.runners.ParentRunner$3.evaluate(ParentRunner.java:306)
	at org.junit.runners.ParentRunner.run(ParentRunner.java:413)
	at org.gradle.api.internal.tasks.testing.junit.JUnitTestClassExecutor.runTestClass(JUnitTestClassExecutor.java:110)
	at org.gradle.api.internal.tasks.testing.junit.JUnitTestClassExecutor.execute(JUnitTestClassExecutor.java:58)
	at org.gradle.api.internal.tasks.testing.junit.JUnitTestClassExecutor.execute(JUnitTestClassExecutor.java:38)
	at org.gradle.api.internal.tasks.testing.junit.AbstractJUnitTestClassProcessor.processTestClass(AbstractJUnitTestClassProcessor.java:62)
	at org.gradle.api.internal.tasks.testing.SuiteTestClassProcessor.processTestClass(SuiteTestClassProcessor.java:51)
	at java.base/jdk.internal.reflect.NativeMethodAccessorImpl.invoke0(Native Method)
	at java.base/jdk.internal.reflect.NativeMethodAccessorImpl.invoke(NativeMethodAccessorImpl.java:62)
	at java.base/jdk.internal.reflect.DelegatingMethodAccessorImpl.invoke(DelegatingMethodAccessorImpl.java:43)
	at java.base/java.lang.reflect.Method.invoke(Method.java:566)
	at org.gradle.internal.dispatch.ReflectionDispatch.dispatch(ReflectionDispatch.java:36)
	at org.gradle.internal.dispatch.ReflectionDispatch.dispatch(ReflectionDispatch.java:24)
	at org.gradle.internal.dispatch.ContextClassLoaderDispatch.dispatch(ContextClassLoaderDispatch.java:33)
	at org.gradle.internal.dispatch.ProxyDispatchAdapter$DispatchingInvocationHandler.invoke(ProxyDispatchAdapter.java:94)
	at com.sun.proxy.$Proxy2.processTestClass(Unknown Source)
	at org.gradle.api.internal.tasks.testing.worker.TestWorker.processTestClass(TestWorker.java:121)
	at java.base/jdk.internal.reflect.NativeMethodAccessorImpl.invoke0(Native Method)
	at java.base/jdk.internal.reflect.NativeMethodAccessorImpl.invoke(NativeMethodAccessorImpl.java:62)
	at java.base/jdk.internal.reflect.DelegatingMethodAccessorImpl.invoke(DelegatingMethodAccessorImpl.java:43)
	at java.base/java.lang.reflect.Method.invoke(Method.java:566)
	at org.gradle.internal.dispatch.ReflectionDispatch.dispatch(ReflectionDispatch.java:36)
	at org.gradle.internal.dispatch.ReflectionDispatch.dispatch(ReflectionDispatch.java:24)
	at org.gradle.internal.remote.internal.hub.MessageHubBackedObjectConnection$DispatchWrapper.dispatch(MessageHubBackedObjectConnection.java:182)
	at org.gradle.internal.remote.internal.hub.MessageHubBackedObjectConnection$DispatchWrapper.dispatch(MessageHubBackedObjectConnection.java:164)
	at org.gradle.internal.remote.internal.hub.MessageHub$Handler.run(MessageHub.java:414)
	at org.gradle.internal.concurrent.ExecutorPolicy$CatchAndRecordFailures.onExecute(ExecutorPolicy.java:64)
	at org.gradle.internal.concurrent.ManagedExecutorImpl$1.run(ManagedExecutorImpl.java:48)
	at java.base/java.util.concurrent.ThreadPoolExecutor.runWorker(ThreadPoolExecutor.java:1128)
	at java.base/java.util.concurrent.ThreadPoolExecutor$Worker.run(ThreadPoolExecutor.java:628)
	at org.gradle.internal.concurrent.ThreadFactoryImpl$ManagedThreadRunnable.run(ThreadFactoryImpl.java:56)
	at java.base/java.lang.Thread.run(Thread.java:829)
</pre>
</span>
</div>
<div class="test">
<a name="testTwoCall"></a>
<h3 class="failures">testTwoCall</h3>
<span class="code">
<pre>java.lang.NullPointerException: HybridArrayHashMap does not permit null keys
	at java.base/java.util.Objects.requireNonNull(Objects.java:246)
	at pascal.taie.util.collection.HybridArrayHashMap.put(HybridArrayHashMap.java:139)
	at java.base/java.util.Map.computeIfAbsent(Map.java:1004)
	at pascal.taie.analysis.pta.core.cs.element.MapBasedCSManager.getOrCreateCSElement(MapBasedCSManager.java:49)
	at pascal.taie.analysis.pta.core.cs.element.MapBasedCSManager.getCSMethod(MapBasedCSManager.java:70)
	at pascal.taie.analysis.pta.cs.Solver$StmtProcessor.visit(Solver.java:140)
	at pascal.taie.analysis.pta.cs.Solver$StmtProcessor.visit(Solver.java:96)
	at pascal.taie.ir.stmt.Invoke.accept(Invoke.java:138)
	at pascal.taie.analysis.pta.cs.Solver.addReachable(Solver.java:88)
	at pascal.taie.analysis.pta.cs.Solver.initialize(Solver.java:77)
	at pascal.taie.analysis.pta.cs.Solver.solve(Solver.java:63)
	at pascal.taie.analysis.pta.cs.CSPTA.analyze(CSPTA.java:46)
	at pascal.taie.analysis.pta.cs.CSPTA.analyze(CSPTA.java:32)
	at pascal.taie.analysis.AnalysisManager.runInterproceduralAnalysis(AnalysisManager.java:124)
	at pascal.taie.analysis.AnalysisManager.runAnalysis(AnalysisManager.java:62)
	at pascal.taie.analysis.AnalysisManager.lambda$execute$0(AnalysisManager.java:49)
	at pascal.taie.util.Timer.lambda$runAndCount$0(Timer.java:102)
	at pascal.taie.util.Timer.runAndCount(Timer.java:83)
	at pascal.taie.util.Timer.runAndCount(Timer.java:101)
	at pascal.taie.util.Timer.runAndCount(Timer.java:97)
	at pascal.taie.analysis.AnalysisManager.lambda$execute$1(AnalysisManager.java:48)
	at java.base/java.util.ArrayList.forEach(ArrayList.java:1541)
	at pascal.taie.analysis.AnalysisManager.execute(AnalysisManager.java:48)
	at pascal.taie.Main.executePlan(Main.java:128)
	at pascal.taie.Main.lambda$main$0(Main.java:46)
	at pascal.taie.util.Timer.lambda$runAndCount$0(Timer.java:102)
	at pascal.taie.util.Timer.runAndCount(Timer.java:83)
	at pascal.taie.util.Timer.runAndCount(Timer.java:101)
	at pascal.taie.util.Timer.runAndCount(Timer.java:97)
	at pascal.taie.Main.main(Main.java:38)
	at pascal.taie.analysis.Tests.testPTA(Tests.java:59)
	at pascal.taie.analysis.pta.CSPTATest.testTwoCall(CSPTATest.java:64)
	at java.base/jdk.internal.reflect.NativeMethodAccessorImpl.invoke0(Native Method)
	at java.base/jdk.internal.reflect.NativeMethodAccessorImpl.invoke(NativeMethodAccessorImpl.java:62)
	at java.base/jdk.internal.reflect.DelegatingMethodAccessorImpl.invoke(DelegatingMethodAccessorImpl.java:43)
	at java.base/java.lang.reflect.Method.invoke(Method.java:566)
	at org.junit.runners.model.FrameworkMethod$1.runReflectiveCall(FrameworkMethod.java:59)
	at org.junit.internal.runners.model.ReflectiveCallable.run(ReflectiveCallable.java:12)
	at org.junit.runners.model.FrameworkMethod.invokeExplosively(FrameworkMethod.java:56)
	at org.junit.internal.runners.statements.InvokeMethod.evaluate(InvokeMethod.java:17)
	at org.junit.runners.ParentRunner$3.evaluate(ParentRunner.java:306)
	at org.junit.runners.BlockJUnit4ClassRunner$1.evaluate(BlockJUnit4ClassRunner.java:100)
	at org.junit.runners.ParentRunner.runLeaf(ParentRunner.java:366)
	at org.junit.runners.BlockJUnit4ClassRunner.runChild(BlockJUnit4ClassRunner.java:103)
	at org.junit.runners.BlockJUnit4ClassRunner.runChild(BlockJUnit4ClassRunner.java:63)
	at org.junit.runners.ParentRunner$4.run(ParentRunner.java:331)
	at org.junit.runners.ParentRunner$1.schedule(ParentRunner.java:79)
	at org.junit.runners.ParentRunner.runChildren(ParentRunner.java:329)
	at org.junit.runners.ParentRunner.access$100(ParentRunner.java:66)
	at org.junit.runners.ParentRunner$2.evaluate(ParentRunner.java:293)
	at org.junit.runners.ParentRunner$3.evaluate(ParentRunner.java:306)
	at org.junit.runners.ParentRunner.run(ParentRunner.java:413)
	at org.gradle.api.internal.tasks.testing.junit.JUnitTestClassExecutor.runTestClass(JUnitTestClassExecutor.java:110)
	at org.gradle.api.internal.tasks.testing.junit.JUnitTestClassExecutor.execute(JUnitTestClassExecutor.java:58)
	at org.gradle.api.internal.tasks.testing.junit.JUnitTestClassExecutor.execute(JUnitTestClassExecutor.java:38)
	at org.gradle.api.internal.tasks.testing.junit.AbstractJUnitTestClassProcessor.processTestClass(AbstractJUnitTestClassProcessor.java:62)
	at org.gradle.api.internal.tasks.testing.SuiteTestClassProcessor.processTestClass(SuiteTestClassProcessor.java:51)
	at java.base/jdk.internal.reflect.NativeMethodAccessorImpl.invoke0(Native Method)
	at java.base/jdk.internal.reflect.NativeMethodAccessorImpl.invoke(NativeMethodAccessorImpl.java:62)
	at java.base/jdk.internal.reflect.DelegatingMethodAccessorImpl.invoke(DelegatingMethodAccessorImpl.java:43)
	at java.base/java.lang.reflect.Method.invoke(Method.java:566)
	at org.gradle.internal.dispatch.ReflectionDispatch.dispatch(ReflectionDispatch.java:36)
	at org.gradle.internal.dispatch.ReflectionDispatch.dispatch(ReflectionDispatch.java:24)
	at org.gradle.internal.dispatch.ContextClassLoaderDispatch.dispatch(ContextClassLoaderDispatch.java:33)
	at org.gradle.internal.dispatch.ProxyDispatchAdapter$DispatchingInvocationHandler.invoke(ProxyDispatchAdapter.java:94)
	at com.sun.proxy.$Proxy2.processTestClass(Unknown Source)
	at org.gradle.api.internal.tasks.testing.worker.TestWorker.processTestClass(TestWorker.java:121)
	at java.base/jdk.internal.reflect.NativeMethodAccessorImpl.invoke0(Native Method)
	at java.base/jdk.internal.reflect.NativeMethodAccessorImpl.invoke(NativeMethodAccessorImpl.java:62)
	at java.base/jdk.internal.reflect.DelegatingMethodAccessorImpl.invoke(DelegatingMethodAccessorImpl.java:43)
	at java.base/java.lang.reflect.Method.invoke(Method.java:566)
	at org.gradle.internal.dispatch.ReflectionDispatch.dispatch(ReflectionDispatch.java:36)
	at org.gradle.internal.dispatch.ReflectionDispatch.dispatch(ReflectionDispatch.java:24)
	at org.gradle.internal.remote.internal.hub.MessageHubBackedObjectConnection$DispatchWrapper.dispatch(MessageHubBackedObjectConnection.java:182)
	at org.gradle.internal.remote.internal.hub.MessageHubBackedObjectConnection$DispatchWrapper.dispatch(MessageHubBackedObjectConnection.java:164)
	at org.gradle.internal.remote.internal.hub.MessageHub$Handler.run(MessageHub.java:414)
	at org.gradle.internal.concurrent.ExecutorPolicy$CatchAndRecordFailures.onExecute(ExecutorPolicy.java:64)
	at org.gradle.internal.concurrent.ManagedExecutorImpl$1.run(ManagedExecutorImpl.java:48)
	at java.base/java.util.concurrent.ThreadPoolExecutor.runWorker(ThreadPoolExecutor.java:1128)
	at java.base/java.util.concurrent.ThreadPoolExecutor$Worker.run(ThreadPoolExecutor.java:628)
	at org.gradle.internal.concurrent.ThreadFactoryImpl$ManagedThreadRunnable.run(ThreadFactoryImpl.java:56)
	at java.base/java.lang.Thread.run(Thread.java:829)
</pre>
</span>
</div>
<div class="test">
<a name="testTwoObject"></a>
<h3 class="failures">testTwoObject</h3>
<span class="code">
<pre>java.lang.NullPointerException: HybridArrayHashMap does not permit null keys
	at java.base/java.util.Objects.requireNonNull(Objects.java:246)
	at pascal.taie.util.collection.HybridArrayHashMap.put(HybridArrayHashMap.java:139)
	at java.base/java.util.Map.computeIfAbsent(Map.java:1004)
	at pascal.taie.analysis.pta.core.cs.element.MapBasedCSManager.getOrCreateCSElement(MapBasedCSManager.java:49)
	at pascal.taie.analysis.pta.core.cs.element.MapBasedCSManager.getCSMethod(MapBasedCSManager.java:70)
	at pascal.taie.analysis.pta.cs.Solver$StmtProcessor.visit(Solver.java:140)
	at pascal.taie.analysis.pta.cs.Solver$StmtProcessor.visit(Solver.java:96)
	at pascal.taie.ir.stmt.Invoke.accept(Invoke.java:138)
	at pascal.taie.analysis.pta.cs.Solver.addReachable(Solver.java:88)
	at pascal.taie.analysis.pta.cs.Solver.initialize(Solver.java:77)
	at pascal.taie.analysis.pta.cs.Solver.solve(Solver.java:63)
	at pascal.taie.analysis.pta.cs.CSPTA.analyze(CSPTA.java:46)
	at pascal.taie.analysis.pta.cs.CSPTA.analyze(CSPTA.java:32)
	at pascal.taie.analysis.AnalysisManager.runInterproceduralAnalysis(AnalysisManager.java:124)
	at pascal.taie.analysis.AnalysisManager.runAnalysis(AnalysisManager.java:62)
	at pascal.taie.analysis.AnalysisManager.lambda$execute$0(AnalysisManager.java:49)
	at pascal.taie.util.Timer.lambda$runAndCount$0(Timer.java:102)
	at pascal.taie.util.Timer.runAndCount(Timer.java:83)
	at pascal.taie.util.Timer.runAndCount(Timer.java:101)
	at pascal.taie.util.Timer.runAndCount(Timer.java:97)
	at pascal.taie.analysis.AnalysisManager.lambda$execute$1(AnalysisManager.java:48)
	at java.base/java.util.ArrayList.forEach(ArrayList.java:1541)
	at pascal.taie.analysis.AnalysisManager.execute(AnalysisManager.java:48)
	at pascal.taie.Main.executePlan(Main.java:128)
	at pascal.taie.Main.lambda$main$0(Main.java:46)
	at pascal.taie.util.Timer.lambda$runAndCount$0(Timer.java:102)
	at pascal.taie.util.Timer.runAndCount(Timer.java:83)
	at pascal.taie.util.Timer.runAndCount(Timer.java:101)
	at pascal.taie.util.Timer.runAndCount(Timer.java:97)
	at pascal.taie.Main.main(Main.java:38)
	at pascal.taie.analysis.Tests.testPTA(Tests.java:59)
	at pascal.taie.analysis.pta.CSPTATest.testTwoObject(CSPTATest.java:69)
	at java.base/jdk.internal.reflect.NativeMethodAccessorImpl.invoke0(Native Method)
	at java.base/jdk.internal.reflect.NativeMethodAccessorImpl.invoke(NativeMethodAccessorImpl.java:62)
	at java.base/jdk.internal.reflect.DelegatingMethodAccessorImpl.invoke(DelegatingMethodAccessorImpl.java:43)
	at java.base/java.lang.reflect.Method.invoke(Method.java:566)
	at org.junit.runners.model.FrameworkMethod$1.runReflectiveCall(FrameworkMethod.java:59)
	at org.junit.internal.runners.model.ReflectiveCallable.run(ReflectiveCallable.java:12)
	at org.junit.runners.model.FrameworkMethod.invokeExplosively(FrameworkMethod.java:56)
	at org.junit.internal.runners.statements.InvokeMethod.evaluate(InvokeMethod.java:17)
	at org.junit.runners.ParentRunner$3.evaluate(ParentRunner.java:306)
	at org.junit.runners.BlockJUnit4ClassRunner$1.evaluate(BlockJUnit4ClassRunner.java:100)
	at org.junit.runners.ParentRunner.runLeaf(ParentRunner.java:366)
	at org.junit.runners.BlockJUnit4ClassRunner.runChild(BlockJUnit4ClassRunner.java:103)
	at org.junit.runners.BlockJUnit4ClassRunner.runChild(BlockJUnit4ClassRunner.java:63)
	at org.junit.runners.ParentRunner$4.run(ParentRunner.java:331)
	at org.junit.runners.ParentRunner$1.schedule(ParentRunner.java:79)
	at org.junit.runners.ParentRunner.runChildren(ParentRunner.java:329)
	at org.junit.runners.ParentRunner.access$100(ParentRunner.java:66)
	at org.junit.runners.ParentRunner$2.evaluate(ParentRunner.java:293)
	at org.junit.runners.ParentRunner$3.evaluate(ParentRunner.java:306)
	at org.junit.runners.ParentRunner.run(ParentRunner.java:413)
	at org.gradle.api.internal.tasks.testing.junit.JUnitTestClassExecutor.runTestClass(JUnitTestClassExecutor.java:110)
	at org.gradle.api.internal.tasks.testing.junit.JUnitTestClassExecutor.execute(JUnitTestClassExecutor.java:58)
	at org.gradle.api.internal.tasks.testing.junit.JUnitTestClassExecutor.execute(JUnitTestClassExecutor.java:38)
	at org.gradle.api.internal.tasks.testing.junit.AbstractJUnitTestClassProcessor.processTestClass(AbstractJUnitTestClassProcessor.java:62)
	at org.gradle.api.internal.tasks.testing.SuiteTestClassProcessor.processTestClass(SuiteTestClassProcessor.java:51)
	at java.base/jdk.internal.reflect.NativeMethodAccessorImpl.invoke0(Native Method)
	at java.base/jdk.internal.reflect.NativeMethodAccessorImpl.invoke(NativeMethodAccessorImpl.java:62)
	at java.base/jdk.internal.reflect.DelegatingMethodAccessorImpl.invoke(DelegatingMethodAccessorImpl.java:43)
	at java.base/java.lang.reflect.Method.invoke(Method.java:566)
	at org.gradle.internal.dispatch.ReflectionDispatch.dispatch(ReflectionDispatch.java:36)
	at org.gradle.internal.dispatch.ReflectionDispatch.dispatch(ReflectionDispatch.java:24)
	at org.gradle.internal.dispatch.ContextClassLoaderDispatch.dispatch(ContextClassLoaderDispatch.java:33)
	at org.gradle.internal.dispatch.ProxyDispatchAdapter$DispatchingInvocationHandler.invoke(ProxyDispatchAdapter.java:94)
	at com.sun.proxy.$Proxy2.processTestClass(Unknown Source)
	at org.gradle.api.internal.tasks.testing.worker.TestWorker.processTestClass(TestWorker.java:121)
	at java.base/jdk.internal.reflect.NativeMethodAccessorImpl.invoke0(Native Method)
	at java.base/jdk.internal.reflect.NativeMethodAccessorImpl.invoke(NativeMethodAccessorImpl.java:62)
	at java.base/jdk.internal.reflect.DelegatingMethodAccessorImpl.invoke(DelegatingMethodAccessorImpl.java:43)
	at java.base/java.lang.reflect.Method.invoke(Method.java:566)
	at org.gradle.internal.dispatch.ReflectionDispatch.dispatch(ReflectionDispatch.java:36)
	at org.gradle.internal.dispatch.ReflectionDispatch.dispatch(ReflectionDispatch.java:24)
	at org.gradle.internal.remote.internal.hub.MessageHubBackedObjectConnection$DispatchWrapper.dispatch(MessageHubBackedObjectConnection.java:182)
	at org.gradle.internal.remote.internal.hub.MessageHubBackedObjectConnection$DispatchWrapper.dispatch(MessageHubBackedObjectConnection.java:164)
	at org.gradle.internal.remote.internal.hub.MessageHub$Handler.run(MessageHub.java:414)
	at org.gradle.internal.concurrent.ExecutorPolicy$CatchAndRecordFailures.onExecute(ExecutorPolicy.java:64)
	at org.gradle.internal.concurrent.ManagedExecutorImpl$1.run(ManagedExecutorImpl.java:48)
	at java.base/java.util.concurrent.ThreadPoolExecutor.runWorker(ThreadPoolExecutor.java:1128)
	at java.base/java.util.concurrent.ThreadPoolExecutor$Worker.run(ThreadPoolExecutor.java:628)
	at org.gradle.internal.concurrent.ThreadFactoryImpl$ManagedThreadRunnable.run(ThreadFactoryImpl.java:56)
	at java.base/java.lang.Thread.run(Thread.java:829)
</pre>
</span>
</div>
<div class="test">
<a name="testTwoType"></a>
<h3 class="failures">testTwoType</h3>
<span class="code">
<pre>java.lang.NullPointerException: HybridArrayHashMap does not permit null keys
	at java.base/java.util.Objects.requireNonNull(Objects.java:246)
	at pascal.taie.util.collection.HybridArrayHashMap.put(HybridArrayHashMap.java:139)
	at java.base/java.util.Map.computeIfAbsent(Map.java:1004)
	at pascal.taie.analysis.pta.core.cs.element.MapBasedCSManager.getOrCreateCSElement(MapBasedCSManager.java:49)
	at pascal.taie.analysis.pta.core.cs.element.MapBasedCSManager.getCSVar(MapBasedCSManager.java:54)
	at pascal.taie.analysis.pta.cs.Solver$StmtProcessor.visit(Solver.java:108)
	at pascal.taie.analysis.pta.cs.Solver$StmtProcessor.visit(Solver.java:96)
	at pascal.taie.ir.stmt.New.accept(New.java:43)
	at pascal.taie.analysis.pta.cs.Solver.addReachable(Solver.java:88)
	at pascal.taie.analysis.pta.cs.Solver.initialize(Solver.java:77)
	at pascal.taie.analysis.pta.cs.Solver.solve(Solver.java:63)
	at pascal.taie.analysis.pta.cs.CSPTA.analyze(CSPTA.java:46)
	at pascal.taie.analysis.pta.cs.CSPTA.analyze(CSPTA.java:32)
	at pascal.taie.analysis.AnalysisManager.runInterproceduralAnalysis(AnalysisManager.java:124)
	at pascal.taie.analysis.AnalysisManager.runAnalysis(AnalysisManager.java:62)
	at pascal.taie.analysis.AnalysisManager.lambda$execute$0(AnalysisManager.java:49)
	at pascal.taie.util.Timer.lambda$runAndCount$0(Timer.java:102)
	at pascal.taie.util.Timer.runAndCount(Timer.java:83)
	at pascal.taie.util.Timer.runAndCount(Timer.java:101)
	at pascal.taie.util.Timer.runAndCount(Timer.java:97)
	at pascal.taie.analysis.AnalysisManager.lambda$execute$1(AnalysisManager.java:48)
	at java.base/java.util.ArrayList.forEach(ArrayList.java:1541)
	at pascal.taie.analysis.AnalysisManager.execute(AnalysisManager.java:48)
	at pascal.taie.Main.executePlan(Main.java:128)
	at pascal.taie.Main.lambda$main$0(Main.java:46)
	at pascal.taie.util.Timer.lambda$runAndCount$0(Timer.java:102)
	at pascal.taie.util.Timer.runAndCount(Timer.java:83)
	at pascal.taie.util.Timer.runAndCount(Timer.java:101)
	at pascal.taie.util.Timer.runAndCount(Timer.java:97)
	at pascal.taie.Main.main(Main.java:38)
	at pascal.taie.analysis.Tests.testPTA(Tests.java:59)
	at pascal.taie.analysis.pta.CSPTATest.testTwoType(CSPTATest.java:74)
	at java.base/jdk.internal.reflect.NativeMethodAccessorImpl.invoke0(Native Method)
	at java.base/jdk.internal.reflect.NativeMethodAccessorImpl.invoke(NativeMethodAccessorImpl.java:62)
	at java.base/jdk.internal.reflect.DelegatingMethodAccessorImpl.invoke(DelegatingMethodAccessorImpl.java:43)
	at java.base/java.lang.reflect.Method.invoke(Method.java:566)
	at org.junit.runners.model.FrameworkMethod$1.runReflectiveCall(FrameworkMethod.java:59)
	at org.junit.internal.runners.model.ReflectiveCallable.run(ReflectiveCallable.java:12)
	at org.junit.runners.model.FrameworkMethod.invokeExplosively(FrameworkMethod.java:56)
	at org.junit.internal.runners.statements.InvokeMethod.evaluate(InvokeMethod.java:17)
	at org.junit.runners.ParentRunner$3.evaluate(ParentRunner.java:306)
	at org.junit.runners.BlockJUnit4ClassRunner$1.evaluate(BlockJUnit4ClassRunner.java:100)
	at org.junit.runners.ParentRunner.runLeaf(ParentRunner.java:366)
	at org.junit.runners.BlockJUnit4ClassRunner.runChild(BlockJUnit4ClassRunner.java:103)
	at org.junit.runners.BlockJUnit4ClassRunner.runChild(BlockJUnit4ClassRunner.java:63)
	at org.junit.runners.ParentRunner$4.run(ParentRunner.java:331)
	at org.junit.runners.ParentRunner$1.schedule(ParentRunner.java:79)
	at org.junit.runners.ParentRunner.runChildren(ParentRunner.java:329)
	at org.junit.runners.ParentRunner.access$100(ParentRunner.java:66)
	at org.junit.runners.ParentRunner$2.evaluate(ParentRunner.java:293)
	at org.junit.runners.ParentRunner$3.evaluate(ParentRunner.java:306)
	at org.junit.runners.ParentRunner.run(ParentRunner.java:413)
	at org.gradle.api.internal.tasks.testing.junit.JUnitTestClassExecutor.runTestClass(JUnitTestClassExecutor.java:110)
	at org.gradle.api.internal.tasks.testing.junit.JUnitTestClassExecutor.execute(JUnitTestClassExecutor.java:58)
	at org.gradle.api.internal.tasks.testing.junit.JUnitTestClassExecutor.execute(JUnitTestClassExecutor.java:38)
	at org.gradle.api.internal.tasks.testing.junit.AbstractJUnitTestClassProcessor.processTestClass(AbstractJUnitTestClassProcessor.java:62)
	at org.gradle.api.internal.tasks.testing.SuiteTestClassProcessor.processTestClass(SuiteTestClassProcessor.java:51)
	at java.base/jdk.internal.reflect.NativeMethodAccessorImpl.invoke0(Native Method)
	at java.base/jdk.internal.reflect.NativeMethodAccessorImpl.invoke(NativeMethodAccessorImpl.java:62)
	at java.base/jdk.internal.reflect.DelegatingMethodAccessorImpl.invoke(DelegatingMethodAccessorImpl.java:43)
	at java.base/java.lang.reflect.Method.invoke(Method.java:566)
	at org.gradle.internal.dispatch.ReflectionDispatch.dispatch(ReflectionDispatch.java:36)
	at org.gradle.internal.dispatch.ReflectionDispatch.dispatch(ReflectionDispatch.java:24)
	at org.gradle.internal.dispatch.ContextClassLoaderDispatch.dispatch(ContextClassLoaderDispatch.java:33)
	at org.gradle.internal.dispatch.ProxyDispatchAdapter$DispatchingInvocationHandler.invoke(ProxyDispatchAdapter.java:94)
	at com.sun.proxy.$Proxy2.processTestClass(Unknown Source)
	at org.gradle.api.internal.tasks.testing.worker.TestWorker.processTestClass(TestWorker.java:121)
	at java.base/jdk.internal.reflect.NativeMethodAccessorImpl.invoke0(Native Method)
	at java.base/jdk.internal.reflect.NativeMethodAccessorImpl.invoke(NativeMethodAccessorImpl.java:62)
	at java.base/jdk.internal.reflect.DelegatingMethodAccessorImpl.invoke(DelegatingMethodAccessorImpl.java:43)
	at java.base/java.lang.reflect.Method.invoke(Method.java:566)
	at org.gradle.internal.dispatch.ReflectionDispatch.dispatch(ReflectionDispatch.java:36)
	at org.gradle.internal.dispatch.ReflectionDispatch.dispatch(ReflectionDispatch.java:24)
	at org.gradle.internal.remote.internal.hub.MessageHubBackedObjectConnection$DispatchWrapper.dispatch(MessageHubBackedObjectConnection.java:182)
	at org.gradle.internal.remote.internal.hub.MessageHubBackedObjectConnection$DispatchWrapper.dispatch(MessageHubBackedObjectConnection.java:164)
	at org.gradle.internal.remote.internal.hub.MessageHub$Handler.run(MessageHub.java:414)
	at org.gradle.internal.concurrent.ExecutorPolicy$CatchAndRecordFailures.onExecute(ExecutorPolicy.java:64)
	at org.gradle.internal.concurrent.ManagedExecutorImpl$1.run(ManagedExecutorImpl.java:48)
	at java.base/java.util.concurrent.ThreadPoolExecutor.runWorker(ThreadPoolExecutor.java:1128)
	at java.base/java.util.concurrent.ThreadPoolExecutor$Worker.run(ThreadPoolExecutor.java:628)
	at org.gradle.internal.concurrent.ThreadFactoryImpl$ManagedThreadRunnable.run(ThreadFactoryImpl.java:56)
	at java.base/java.lang.Thread.run(Thread.java:829)
</pre>
</span>
</div>
</div>
<div id="tab1" class="tab">
<h2>Tests</h2>
<table>
<thead>
<tr>
<th>Test</th>
<th>Duration</th>
<th>Result</th>
</tr>
</thead>
<tr>
<td class="success">testArray</td>
<td class="success">1.597s</td>
<td class="success">passed</td>
</tr>
<tr>
<td class="success">testAssign</td>
<td class="success">1.417s</td>
<td class="success">passed</td>
</tr>
<tr>
<td class="success">testCall</td>
<td class="success">1.373s</td>
<td class="success">passed</td>
</tr>
<tr>
<td class="success">testInstanceField</td>
<td class="success">1.478s</td>
<td class="success">passed</td>
</tr>
<tr>
<td class="success">testNew</td>
<td class="success">1.688s</td>
<td class="success">passed</td>
</tr>
<tr>
<td class="failures">testOneCall</td>
<td class="failures">1.905s</td>
<td class="failures">failed</td>
</tr>
<tr>
<td class="failures">testOneObject</td>
<td class="failures">1.546s</td>
<td class="failures">failed</td>
</tr>
<tr>
<td class="failures">testOneType</td>
<td class="failures">1.539s</td>
<td class="failures">failed</td>
</tr>
<tr>
<td class="success">testStaticField</td>
<td class="success">1.645s</td>
<td class="success">passed</td>
</tr>
<tr>
<td class="success">testStoreLoad</td>
<td class="success">4.013s</td>
<td class="success">passed</td>
</tr>
<tr>
<td class="failures">testTwoCall</td>
<td class="failures">1.673s</td>
<td class="failures">failed</td>
</tr>
<tr>
<td class="failures">testTwoObject</td>
<td class="failures">1.465s</td>
<td class="failures">failed</td>
</tr>
<tr>
<td class="failures">testTwoType</td>
<td class="failures">1.472s</td>
<td class="failures">failed</td>
</tr>
</table>
</div>
<div id="tab2" class="tab">
<h2>Standard output</h2>
<span class="code">
<pre>Tai-e starts ...
Writing options to output\options.yml
Writing analysis plan to output\tai-e-plan.yml
WorldBuilder starts ...
9162 classes with 89829 methods in the world
WorldBuilder finishes, elapsed time: 3.32s
cspta starts ...
-------------- Pointer analysis statistics: --------------
#var pointers:                9 (insens) / 9 (sens)
#var points-to:               10 (insens) / 10 (sens)
#static field points-to:      0 (sens)
#instance field points-to:    1 (sens)
#array points-to:             0 (sens)
#reachable methods:           4 (insens) / 4 (sens)
#call graph edges:            4 (insens) / 4 (sens)
----------------------------------------
Comparing points-to set with src\test\resources\pta\cspta\StoreLoad-expected.txt ...
cspta finishes, elapsed time: 0.14s
class-dumper starts ...
Dumping 3 classes to output ...
class-dumper finishes, elapsed time: 0.02s
Tai-e finishes, elapsed time: 3.64s
Tai-e starts ...
Writing options to output\options.yml
Writing analysis plan to output\tai-e-plan.yml
WorldBuilder starts ...
9165 classes with 89837 methods in the world
WorldBuilder finishes, elapsed time: 1.87s
cspta starts ...
Tai-e starts ...
Writing options to output\options.yml
Writing analysis plan to output\tai-e-plan.yml
WorldBuilder starts ...
9164 classes with 89835 methods in the world
WorldBuilder finishes, elapsed time: 1.52s
cspta starts ...
Tai-e starts ...
Writing options to output\options.yml
Writing analysis plan to output\tai-e-plan.yml
WorldBuilder starts ...
9163 classes with 89830 methods in the world
WorldBuilder finishes, elapsed time: 1.66s
cspta starts ...
-------------- Pointer analysis statistics: --------------
#var pointers:                12 (insens) / 12 (sens)
#var points-to:               18 (insens) / 18 (sens)
#static field points-to:      0 (sens)
#instance field points-to:    0 (sens)
#array points-to:             0 (sens)
#reachable methods:           5 (insens) / 5 (sens)
#call graph edges:            7 (insens) / 7 (sens)
----------------------------------------
Comparing points-to set with src\test\resources\pta\cspta\New-expected.txt ...
cspta finishes, elapsed time: 0.01s
class-dumper starts ...
Dumping 4 classes to output ...
class-dumper finishes, elapsed time: 0.00s
Tai-e finishes, elapsed time: 1.69s
Tai-e starts ...
Writing options to output\options.yml
Writing analysis plan to output\tai-e-plan.yml
WorldBuilder starts ...
9163 classes with 89833 methods in the world
WorldBuilder finishes, elapsed time: 1.66s
cspta starts ...
Tai-e starts ...
Writing options to output\options.yml
Writing analysis plan to output\tai-e-plan.yml
WorldBuilder starts ...
9165 classes with 89837 methods in the world
WorldBuilder finishes, elapsed time: 1.46s
cspta starts ...
Tai-e starts ...
Writing options to output\options.yml
Writing analysis plan to output\tai-e-plan.yml
WorldBuilder starts ...
9162 classes with 89830 methods in the world
WorldBuilder finishes, elapsed time: 1.57s
cspta starts ...
-------------- Pointer analysis statistics: --------------
#var pointers:                14 (insens) / 14 (sens)
#var points-to:               17 (insens) / 17 (sens)
#static field points-to:      0 (sens)
#instance field points-to:    0 (sens)
#array points-to:             3 (sens)
#reachable methods:           5 (insens) / 5 (sens)
#call graph edges:            6 (insens) / 6 (sens)
----------------------------------------
Comparing points-to set with src\test\resources\pta\cspta\Array-expected.txt ...
cspta finishes, elapsed time: 0.01s
class-dumper starts ...
Dumping 3 classes to output ...
class-dumper finishes, elapsed time: 0.00s
Tai-e finishes, elapsed time: 1.60s
Tai-e starts ...
Writing options to output\options.yml
Writing analysis plan to output\tai-e-plan.yml
WorldBuilder starts ...
9163 classes with 89831 methods in the world
WorldBuilder finishes, elapsed time: 1.35s
cspta starts ...
-------------- Pointer analysis statistics: --------------
#var pointers:                15 (insens) / 15 (sens)
#var points-to:               17 (insens) / 17 (sens)
#static field points-to:      0 (sens)
#instance field points-to:    0 (sens)
#array points-to:             0 (sens)
#reachable methods:           6 (insens) / 6 (sens)
#call graph edges:            7 (insens) / 7 (sens)
----------------------------------------
Comparing points-to set with src\test\resources\pta\cspta\Call-expected.txt ...
cspta finishes, elapsed time: 0.01s
class-dumper starts ...
Dumping 4 classes to output ...
class-dumper finishes, elapsed time: 0.00s
Tai-e finishes, elapsed time: 1.37s
Tai-e starts ...
Writing options to output\options.yml
Writing analysis plan to output\tai-e-plan.yml
WorldBuilder starts ...
9162 classes with 89829 methods in the world
WorldBuilder finishes, elapsed time: 1.62s
cspta starts ...
-------------- Pointer analysis statistics: --------------
#var pointers:                4 (insens) / 4 (sens)
#var points-to:               4 (insens) / 4 (sens)
#static field points-to:      1 (sens)
#instance field points-to:    0 (sens)
#array points-to:             0 (sens)
#reachable methods:           3 (insens) / 3 (sens)
#call graph edges:            2 (insens) / 2 (sens)
----------------------------------------
Comparing points-to set with src\test\resources\pta\cspta\StaticField-expected.txt ...
cspta finishes, elapsed time: 0.01s
class-dumper starts ...
Dumping 3 classes to output ...
class-dumper finishes, elapsed time: 0.00s
Tai-e finishes, elapsed time: 1.64s
Tai-e starts ...
Writing options to output\options.yml
Writing analysis plan to output\tai-e-plan.yml
WorldBuilder starts ...
9163 classes with 89834 methods in the world
WorldBuilder finishes, elapsed time: 1.46s
cspta starts ...
Tai-e starts ...
Writing options to output\options.yml
Writing analysis plan to output\tai-e-plan.yml
WorldBuilder starts ...
9164 classes with 89835 methods in the world
WorldBuilder finishes, elapsed time: 1.46s
cspta starts ...
-------------- Pointer analysis statistics: --------------
#var pointers:                38 (insens) / 38 (sens)
#var points-to:               53 (insens) / 53 (sens)
#static field points-to:      0 (sens)
#instance field points-to:    6 (sens)
#array points-to:             0 (sens)
#reachable methods:           10 (insens) / 10 (sens)
#call graph edges:            18 (insens) / 18 (sens)
----------------------------------------
Comparing points-to set with src\test\resources\pta\cspta\InstanceField-expected.txt ...
cspta finishes, elapsed time: 0.01s
class-dumper starts ...
Dumping 5 classes to output ...
class-dumper finishes, elapsed time: 0.00s
Tai-e finishes, elapsed time: 1.48s
Tai-e starts ...
Writing options to output\options.yml
Writing analysis plan to output\tai-e-plan.yml
WorldBuilder starts ...
9162 classes with 89829 methods in the world
WorldBuilder finishes, elapsed time: 1.40s
cspta starts ...
-------------- Pointer analysis statistics: --------------
#var pointers:                9 (insens) / 9 (sens)
#var points-to:               14 (insens) / 14 (sens)
#static field points-to:      0 (sens)
#instance field points-to:    0 (sens)
#array points-to:             0 (sens)
#reachable methods:           4 (insens) / 4 (sens)
#call graph edges:            4 (insens) / 4 (sens)
----------------------------------------
Comparing points-to set with src\test\resources\pta\cspta\Assign-expected.txt ...
cspta finishes, elapsed time: 0.01s
class-dumper starts ...
Dumping 3 classes to output ...
class-dumper finishes, elapsed time: 0.00s
Tai-e finishes, elapsed time: 1.42s
Tai-e starts ...
Writing options to output\options.yml
Writing analysis plan to output\tai-e-plan.yml
WorldBuilder starts ...
9162 classes with 89833 methods in the world
WorldBuilder finishes, elapsed time: 1.54s
cspta starts ...
</pre>
</span>
</div>
</div>
<div id="footer">
<p>
<div>
<label class="hidden" id="label-for-line-wrapping-toggle" for="line-wrapping-toggle">Wrap lines
<input id="line-wrapping-toggle" type="checkbox" autocomplete="off"/>
</label>
</div>Generated by 
<a href="http://www.gradle.org">Gradle 7.1</a> at 20211126 1:29:57</p>
</div>
</div>
</body>
</html>
